[15:00:00.319][info] [#0:C:/Users/llydr/Desktop/nvim-win64-083/share/nvim/runtime/my-neovim-data/mason/packages/lua-language-server\main.lua:66]: Lua Lsp startup, root: 	C:/Users/llydr/Desktop/nvim-win64-083/share/nvim/runtime/my-neovim-data/mason/packages/lua-language-server
[15:00:00.319][info] [#0:C:/Users/llydr/Desktop/nvim-win64-083/share/nvim/runtime/my-neovim-data/mason/packages/lua-language-server\main.lua:67]: ROOT:	C:/Users/llydr/Desktop/nvim-win64-083/share/nvim/runtime/my-neovim-data/mason/packages/lua-language-server
[15:00:00.319][info] [#0:C:/Users/llydr/Desktop/nvim-win64-083/share/nvim/runtime/my-neovim-data/mason/packages/lua-language-server\main.lua:68]: LOGPATH:	C:/Users/llydr/Desktop/nvim-win64-083/share/nvim/runtime/my-neovim-data/mason/packages/lua-language-server/log
[15:00:00.319][info] [#0:C:/Users/llydr/Desktop/nvim-win64-083/share/nvim/runtime/my-neovim-data/mason/packages/lua-language-server\main.lua:69]: METAPATH:	C:/Users/llydr/Desktop/nvim-win64-083/share/nvim/runtime/my-neovim-data/mason/packages/lua-language-server/meta
[15:00:00.319][info] [#0:C:/Users/llydr/Desktop/nvim-win64-083/share/nvim/runtime/my-neovim-data/mason/packages/lua-language-server\main.lua:70]: VERSION:	3.6.18
[15:00:00.334][info] [#0:script\service\service.lua:144]: 
========= Medical Examination Report =========
    --------------- Memory ---------------
        Total: 2.115 MB
        # 00 : 2.115 MB
        # 01 : 0.000 MB
        # 02 : 0.000 MB
        # 03 : 0.000 MB
        # 04 : 0.000 MB
    --------------- Coroutine ---------------
        Total:     0
        Running:   0
        Suspended: 0
        Normal:    0
        Dead:      0
    --------------- Cache ---------------
        Total: 1
        Dead:  0
    ---------------  RPC  ---------------
        Holdon:   0
        Waiting:  0
==============================================
[15:00:00.334][info] [#0:script\client.lua:657]: Client init	{
  capabilities = {
    textDocument = {
      callHierarchy = {
        dynamicRegistration = false
      },
      codeAction = {
        codeActionLiteralSupport = {
          codeActionKind = {
            valueSet = { "", "quickfix", "refactor", "refactor.extract", "refactor.inline", "refactor.rewrite", "source", "source.organizeImports" }
          }
        },
        dataSupport = true,
        dynamicRegistration = false,
        isPreferredSupport = true,
        resolveSupport = {
          properties = { "edit" }
        }
      },
      completion = {
        completionItem = {
          commitCharactersSupport = true,
          deprecatedSupport = true,
          documentationFormat = { "markdown", "plaintext" },
          insertReplaceSupport = true,
          insertTextModeSupport = {
            valueSet = { 1, 2 }
          },
          labelDetailsSupport = true,
          preselectSupport = true,
          resolveSupport = {
            properties = { "documentation", "detail", "additionalTextEdits" }
          },
          snippetSupport = true,
          tagSupport = {
            valueSet = { 1 }
          }
        },
        completionItemKind = {
          valueSet = { 1, 2, 3, 4, 5, 6, 7, 8, 9, 10, 11, 12, 13, 14, 15, 16, 17, 18, 19, 20, 21, 22, 23, 24, 25 }
        },
        completionList = {
          itemDefaults = { "commitCharacters", "editRange", "insertTextFormat", "insertTextMode", "data" }
        },
        contextSupport = true,
        dynamicRegistration = false,
        insertTextMode = 1
      },
      declaration = {
        linkSupport = true
      },
      definition = {
        linkSupport = true
      },
      documentHighlight = {
        dynamicRegistration = false
      },
      documentSymbol = {
        dynamicRegistration = false,
        hierarchicalDocumentSymbolSupport = true,
        symbolKind = {
          valueSet = { 1, 2, 3, 4, 5, 6, 7, 8, 9, 10, 11, 12, 13, 14, 15, 16, 17, 18, 19, 20, 21, 22, 23, 24, 25, 26 }
        }
      },
      hover = {
        contentFormat = { "markdown", "plaintext" },
        dynamicRegistration = false
      },
      implementation = {
        linkSupport = true
      },
      publishDiagnostics = {
        relatedInformation = true,
        tagSupport = {
          valueSet = { 1, 2 }
        }
      },
      references = {
        dynamicRegistration = false
      },
      rename = {
        dynamicRegistration = false,
        prepareSupport = true
      },
      semanticTokens = {
        augmentsSyntaxTokens = true,
        dynamicRegistration = false,
        formats = { "relative" },
        multilineTokenSupport = false,
        overlappingTokenSupport = true,
        requests = {
          full = {
            delta = true
          },
          range = false
        },
        serverCancelSupport = false,
        tokenModifiers = { "declaration", "definition", "readonly", "static", "deprecated", "abstract", "async", "modification", "documentation", "defaultLibrary" },
        tokenTypes = { "namespace", "type", "class", "enum", "interface", "struct", "typeParameter", "parameter", "variable", "property", "enumMember", "event", "function", "method", "macro", "keyword", "modifier", "comment", "string", "number", "regexp", "operator", "decorator" }
      },
      signatureHelp = {
        dynamicRegistration = false,
        signatureInformation = {
          activeParameterSupport = true,
          documentationFormat = { "markdown", "plaintext" },
          parameterInformation = {
            labelOffsetSupport = true
          }
        }
      },
      synchronization = {
        didSave = true,
        dynamicRegistration = false,
        willSave = true,
        willSaveWaitUntil = true
      },
      typeDefinition = {
        linkSupport = true
      }
    },
    window = {
      showDocument = {
        support = true
      },
      showMessage = {
        messageActionItem = {
          additionalPropertiesSupport = false
        }
      },
      workDoneProgress = true
    },
    workspace = {
      applyEdit = true,
      configuration = true,
      didChangeWatchedFiles = {
        dynamicRegistration = false,
        relativePatternSupport = true
      },
      semanticTokens = {
        refreshSupport = true
      },
      symbol = {
        dynamicRegistration = false,
        hierarchicalWorkspaceSymbolSupport = true,
        symbolKind = {
          valueSet = { 1, 2, 3, 4, 5, 6, 7, 8, 9, 10, 11, 12, 13, 14, 15, 16, 17, 18, 19, 20, 21, 22, 23, 24, 25, 26 }
        }
      },
      workspaceEdit = {
        resourceOperations = { "rename", "create", "delete" }
      },
      workspaceFolders = true
    }
  },
  clientInfo = {
    name = "Neovim",
    version = "0.9.0"
  },
  initializationOptions = {},
  processId = 9996,
  rootPath = "C:\\Users\\llydr\\Desktop\\barbar.nvim",
  rootUri = "file:///C:/Users/llydr/Desktop/barbar.nvim",
  trace = "off",
  workspaceFolders = { {
      name = "C:/Users/llydr/Desktop/barbar.nvim",
      uri = "file:///C:/Users/llydr/Desktop/barbar.nvim"
    } }
}
[15:00:00.334][info] [#0:script\language.lua:137]: VSC language: nil
[15:00:00.334][info] [#0:script\language.lua:138]: LS  language: en-us
[15:00:00.334][info] [#0:script\workspace\workspace.lua:38]: Workspace init root: 	file:///C:/Users/llydr/Desktop/barbar.nvim
[15:00:00.334][info] [#0:script\workspace\workspace.lua:42]: Log path: 	C:/Users/llydr/Desktop/nvim-win64-083/share/nvim/runtime/my-neovim-data/mason/packages/lua-language-server/log/file_C_Users_llydr_Desktop_barbar.nvim.log
[15:00:00.350][info] [#0:script\workspace\workspace.lua:48]: Workspace create: 	file:///c%3A/Users/llydr/Desktop/barbar.nvim
[15:00:00.475][info] [#0:script\provider\provider.lua:46]: Load config from client	file:///c%3A/Users/llydr/Desktop/barbar.nvim
[15:00:00.475][info] [#0:script\provider\provider.lua:47]: {
  Lua = {
    diagnostics = {
      globals = { "vim" }
    },
    runtime = {
      version = "LuaJIT"
    },
    telemetry = {
      enable = false
    },
    workspace = {
      checkThirdParty = false,
      library = {}
    }
  }
}
[15:00:00.475][info] [#0:script\provider\provider.lua:46]: Load config from client	file:///c%3A/Users/llydr/Desktop/barbar.nvim
[15:00:00.475][info] [#0:script\provider\provider.lua:47]: {
  Lua = {
    diagnostics = {
      globals = { "vim" }
    },
    runtime = {
      version = "LuaJIT"
    },
    telemetry = {
      enable = false
    },
    workspace = {
      checkThirdParty = false,
      library = {}
    }
  }
}
[15:00:00.475][info] [#0:script\provider\provider.lua:46]: Load config from client	file:///c%3A/Users/llydr/Desktop/barbar.nvim
[15:00:00.475][info] [#0:script\provider\provider.lua:47]: {
  Lua = {
    diagnostics = {
      globals = { "vim" }
    },
    runtime = {
      version = "LuaJIT"
    },
    telemetry = {
      enable = false
    },
    workspace = {
      checkThirdParty = false,
      library = {}
    }
  }
}
[15:00:00.475][info] [#0:script\provider\provider.lua:61]: Load config from client	fallback
[15:00:00.475][info] [#0:script\provider\provider.lua:62]: {
  Lua = {
    diagnostics = {
      globals = { "vim" }
    },
    runtime = {
      version = "LuaJIT"
    },
    telemetry = {
      enable = false
    },
    workspace = {
      checkThirdParty = false,
      library = {}
    }
  }
}
[15:00:00.475][info] [#0:script\library.lua:212]: Init builtin library at:	file:///c%3A/Users/llydr/Desktop/barbar.nvim
[15:00:00.522][info] [#0:script\plugin.lua:86]: plugin path:	C:\Users\llydr\Desktop\barbar.nvim
[15:00:00.522][warn] [#0:script\plugin.lua:101]: plugin not found:	C:\Users\llydr\Desktop\barbar.nvim
[15:00:00.522][info] [#0:script\library.lua:212]: Init builtin library at:	nil
[15:00:00.538][info] [#0:script\provider\provider.lua:61]: Load config from client	fallback
[15:00:00.538][info] [#0:script\provider\provider.lua:62]: {
  Lua = {
    diagnostics = {
      globals = { "vim" }
    },
    runtime = {
      version = "LuaJIT"
    },
    telemetry = {
      enable = false
    },
    workspace = {
      checkThirdParty = false,
      library = {}
    }
  }
}
[15:00:00.538][info] [#0:script\provider\provider.lua:61]: Load config from client	fallback
[15:00:00.538][info] [#0:script\provider\provider.lua:62]: {
  Lua = {
    diagnostics = {
      globals = { "vim" }
    },
    runtime = {
      version = "LuaJIT"
    },
    telemetry = {
      enable = false
    },
    workspace = {
      checkThirdParty = false,
      library = {}
    }
  }
}
[15:00:00.647][info] [#0:script\workspace\workspace.lua:322]: Preload start:	file:///c%3A/Users/llydr/Desktop/barbar.nvim
[15:00:00.647][info] [#0:script\workspace\workspace.lua:328]: Scan files at:	file:///c%3A/Users/llydr/Desktop/barbar.nvim
[15:00:00.647][info] [#0:script\workspace\workspace.lua:322]: Preload start:	<fallback>
[15:00:00.647][info] [#0:script\workspace\workspace.lua:351]: Scan library at:	file:///c%3A/Users/llydr/Desktop/nvim-win64-083/share/nvim/runtime/my-neovim-data/mason/packages/lua-language-server/meta/LuaJIT%20en-us%20utf8/table/new.lua
[15:00:00.647][info] [#0:script\workspace\workspace.lua:351]: Scan library at:	file:///c%3A/Users/llydr/Desktop/nvim-win64-083/share/nvim/runtime/my-neovim-data/mason/packages/lua-language-server/meta/LuaJIT%20en-us%20utf8/table.lua
[15:00:00.647][info] [#0:script\workspace\workspace.lua:351]: Scan library at:	file:///c%3A/Users/llydr/Desktop/nvim-win64-083/share/nvim/runtime/my-neovim-data/mason/packages/lua-language-server/meta/LuaJIT%20en-us%20utf8/table/clear.lua
[15:00:00.647][info] [#0:script\workspace\workspace.lua:351]: Scan library at:	file:///c%3A/Users/llydr/Desktop/nvim-win64-083/share/nvim/runtime/my-neovim-data/mason/packages/lua-language-server/meta/LuaJIT%20en-us%20utf8/coroutine.lua
[15:00:00.647][info] [#0:script\workspace\workspace.lua:351]: Scan library at:	file:///c%3A/Users/llydr/Desktop/nvim-win64-083/share/nvim/runtime/my-neovim-data/mason/packages/lua-language-server/meta/LuaJIT%20en-us%20utf8/bit.lua
[15:00:00.647][info] [#0:script\workspace\workspace.lua:351]: Scan library at:	file:///c%3A/Users/llydr/Desktop/nvim-win64-083/share/nvim/runtime/my-neovim-data/mason/packages/lua-language-server/meta/LuaJIT%20en-us%20utf8/string.lua
[15:00:00.647][info] [#0:script\workspace\workspace.lua:351]: Scan library at:	file:///c%3A/Users/llydr/Desktop/nvim-win64-083/share/nvim/runtime/my-neovim-data/mason/packages/lua-language-server/meta/LuaJIT%20en-us%20utf8/debug.lua
[15:00:00.647][info] [#0:script\workspace\workspace.lua:351]: Scan library at:	file:///c%3A/Users/llydr/Desktop/nvim-win64-083/share/nvim/runtime/my-neovim-data/mason/packages/lua-language-server/meta/LuaJIT%20en-us%20utf8/io.lua
[15:00:00.647][info] [#0:script\workspace\workspace.lua:351]: Scan library at:	file:///c%3A/Users/llydr/Desktop/nvim-win64-083/share/nvim/runtime/my-neovim-data/mason/packages/lua-language-server/meta/LuaJIT%20en-us%20utf8/string/buffer.lua
[15:00:00.647][info] [#0:script\workspace\workspace.lua:351]: Scan library at:	file:///c%3A/Users/llydr/Desktop/nvim-win64-083/share/nvim/runtime/my-neovim-data/mason/packages/lua-language-server/meta/LuaJIT%20en-us%20utf8/os.lua
[15:00:00.647][info] [#0:script\workspace\workspace.lua:351]: Scan library at:	file:///c%3A/Users/llydr/Desktop/nvim-win64-083/share/nvim/runtime/my-neovim-data/mason/packages/lua-language-server/meta/LuaJIT%20en-us%20utf8/math.lua
[15:00:00.647][info] [#0:script\workspace\workspace.lua:351]: Scan library at:	file:///c%3A/Users/llydr/Desktop/nvim-win64-083/share/nvim/runtime/my-neovim-data/mason/packages/lua-language-server/meta/LuaJIT%20en-us%20utf8/builtin.lua
[15:00:00.647][info] [#0:script\workspace\workspace.lua:351]: Scan library at:	file:///c%3A/Users/llydr/Desktop/nvim-win64-083/share/nvim/runtime/my-neovim-data/mason/packages/lua-language-server/meta/LuaJIT%20en-us%20utf8/ffi.lua
[15:00:00.647][info] [#0:script\workspace\workspace.lua:351]: Scan library at:	file:///c%3A/Users/llydr/Desktop/nvim-win64-083/share/nvim/runtime/my-neovim-data/mason/packages/lua-language-server/meta/LuaJIT%20en-us%20utf8/jit.lua
[15:00:00.647][info] [#0:script\workspace\workspace.lua:351]: Scan library at:	file:///c%3A/Users/llydr/Desktop/nvim-win64-083/share/nvim/runtime/my-neovim-data/mason/packages/lua-language-server/meta/LuaJIT%20en-us%20utf8/basic.lua
[15:00:00.647][info] [#0:script\workspace\workspace.lua:351]: Scan library at:	file:///c%3A/Users/llydr/Desktop/nvim-win64-083/share/nvim/runtime/my-neovim-data/mason/packages/lua-language-server/meta/LuaJIT%20en-us%20utf8/package.lua
[15:00:00.647][info] [#0:script\workspace\workspace.lua:351]: Scan library at:	file:///c%3A/Users/llydr/Desktop/nvim-win64-083/share/nvim/runtime/my-neovim-data/mason/packages/lua-language-server/meta/LuaJIT%20en-us%20utf8/table/new.lua
[15:00:00.647][info] [#0:script\workspace\workspace.lua:351]: Scan library at:	file:///c%3A/Users/llydr/Desktop/nvim-win64-083/share/nvim/runtime/my-neovim-data/mason/packages/lua-language-server/meta/LuaJIT%20en-us%20utf8/table.lua
[15:00:00.647][info] [#0:script\workspace\workspace.lua:351]: Scan library at:	file:///c%3A/Users/llydr/Desktop/nvim-win64-083/share/nvim/runtime/my-neovim-data/mason/packages/lua-language-server/meta/LuaJIT%20en-us%20utf8/table/clear.lua
[15:00:00.647][info] [#0:script\workspace\workspace.lua:351]: Scan library at:	file:///c%3A/Users/llydr/Desktop/nvim-win64-083/share/nvim/runtime/my-neovim-data/mason/packages/lua-language-server/meta/LuaJIT%20en-us%20utf8/coroutine.lua
[15:00:00.647][info] [#0:script\workspace\workspace.lua:351]: Scan library at:	file:///c%3A/Users/llydr/Desktop/nvim-win64-083/share/nvim/runtime/my-neovim-data/mason/packages/lua-language-server/meta/LuaJIT%20en-us%20utf8/bit.lua
[15:00:00.647][info] [#0:script\workspace\workspace.lua:351]: Scan library at:	file:///c%3A/Users/llydr/Desktop/nvim-win64-083/share/nvim/runtime/my-neovim-data/mason/packages/lua-language-server/meta/LuaJIT%20en-us%20utf8/string.lua
[15:00:00.647][info] [#0:script\workspace\workspace.lua:351]: Scan library at:	file:///c%3A/Users/llydr/Desktop/nvim-win64-083/share/nvim/runtime/my-neovim-data/mason/packages/lua-language-server/meta/LuaJIT%20en-us%20utf8/debug.lua
[15:00:00.647][info] [#0:script\workspace\workspace.lua:351]: Scan library at:	file:///c%3A/Users/llydr/Desktop/nvim-win64-083/share/nvim/runtime/my-neovim-data/mason/packages/lua-language-server/meta/LuaJIT%20en-us%20utf8/io.lua
[15:00:00.647][info] [#0:script\workspace\workspace.lua:351]: Scan library at:	file:///c%3A/Users/llydr/Desktop/nvim-win64-083/share/nvim/runtime/my-neovim-data/mason/packages/lua-language-server/meta/LuaJIT%20en-us%20utf8/string/buffer.lua
[15:00:00.647][info] [#0:script\workspace\workspace.lua:351]: Scan library at:	file:///c%3A/Users/llydr/Desktop/nvim-win64-083/share/nvim/runtime/my-neovim-data/mason/packages/lua-language-server/meta/LuaJIT%20en-us%20utf8/os.lua
[15:00:00.647][info] [#0:script\workspace\workspace.lua:351]: Scan library at:	file:///c%3A/Users/llydr/Desktop/nvim-win64-083/share/nvim/runtime/my-neovim-data/mason/packages/lua-language-server/meta/LuaJIT%20en-us%20utf8/math.lua
[15:00:00.647][info] [#0:script\workspace\workspace.lua:351]: Scan library at:	file:///c%3A/Users/llydr/Desktop/nvim-win64-083/share/nvim/runtime/my-neovim-data/mason/packages/lua-language-server/meta/LuaJIT%20en-us%20utf8/builtin.lua
[15:00:00.647][info] [#0:script\workspace\workspace.lua:351]: Scan library at:	file:///c%3A/Users/llydr/Desktop/nvim-win64-083/share/nvim/runtime/my-neovim-data/mason/packages/lua-language-server/meta/LuaJIT%20en-us%20utf8/ffi.lua
[15:00:00.647][info] [#0:script\workspace\workspace.lua:351]: Scan library at:	file:///c%3A/Users/llydr/Desktop/nvim-win64-083/share/nvim/runtime/my-neovim-data/mason/packages/lua-language-server/meta/LuaJIT%20en-us%20utf8/jit.lua
[15:00:00.647][info] [#0:script\workspace\workspace.lua:351]: Scan library at:	file:///c%3A/Users/llydr/Desktop/nvim-win64-083/share/nvim/runtime/my-neovim-data/mason/packages/lua-language-server/meta/LuaJIT%20en-us%20utf8/basic.lua
[15:00:00.647][info] [#0:script\workspace\workspace.lua:351]: Scan library at:	file:///c%3A/Users/llydr/Desktop/nvim-win64-083/share/nvim/runtime/my-neovim-data/mason/packages/lua-language-server/meta/LuaJIT%20en-us%20utf8/package.lua
[15:00:00.772][info] [#0:script\workspace\workspace.lua:377]: Found 16 files at:	<fallback>
[15:00:00.772][info] [#0:script\workspace\loading.lua:161]: Load files from disk:	<fallback>
[15:00:00.772][info] [#0:script\workspace\workspace.lua:377]: Found 52 files at:	file:///c%3A/Users/llydr/Desktop/barbar.nvim
[15:00:00.772][info] [#0:script\workspace\loading.lua:161]: Load files from disk:	file:///c%3A/Users/llydr/Desktop/barbar.nvim
[15:00:00.772][info] [#0:script\workspace\loading.lua:101]: Preload file at: file:///c%3A/Users/llydr/Desktop/nvim-win64-083/share/nvim/runtime/my-neovim-data/mason/packages/lua-language-server/meta/LuaJIT%20en-us%20utf8/package.lua , size = 2.699 KB
[15:00:00.772][info] [#0:script\workspace\loading.lua:113]: ++++As library of:	file:///c%3A/Users/llydr/Desktop/nvim-win64-083/share/nvim/runtime/my-neovim-data/mason/packages/lua-language-server/meta/LuaJIT%20en-us%20utf8/package.lua
[15:00:00.772][info] [#0:script\workspace\loading.lua:101]: Preload file at: file:///c%3A/Users/llydr/Desktop/nvim-win64-083/share/nvim/runtime/my-neovim-data/mason/packages/lua-language-server/meta/LuaJIT%20en-us%20utf8/basic.lua , size = 14.135 KB
[15:00:00.772][info] [#0:script\workspace\loading.lua:113]: ++++As library of:	file:///c%3A/Users/llydr/Desktop/nvim-win64-083/share/nvim/runtime/my-neovim-data/mason/packages/lua-language-server/meta/LuaJIT%20en-us%20utf8/basic.lua
[15:00:00.772][info] [#0:script\workspace\loading.lua:98]: Skip loaded file: file:///c%3A/Users/llydr/Desktop/nvim-win64-083/share/nvim/runtime/my-neovim-data/mason/packages/lua-language-server/meta/LuaJIT%20en-us%20utf8/package.lua
[15:00:00.772][info] [#0:script\workspace\loading.lua:101]: Preload file at: file:///c%3A/Users/llydr/Desktop/nvim-win64-083/share/nvim/runtime/my-neovim-data/mason/packages/lua-language-server/meta/LuaJIT%20en-us%20utf8/jit.lua , size = 0.683 KB
[15:00:00.772][info] [#0:script\workspace\loading.lua:113]: ++++As library of:	file:///c%3A/Users/llydr/Desktop/nvim-win64-083/share/nvim/runtime/my-neovim-data/mason/packages/lua-language-server/meta/LuaJIT%20en-us%20utf8/jit.lua
[15:00:00.772][info] [#0:script\workspace\loading.lua:98]: Skip loaded file: file:///c%3A/Users/llydr/Desktop/nvim-win64-083/share/nvim/runtime/my-neovim-data/mason/packages/lua-language-server/meta/LuaJIT%20en-us%20utf8/basic.lua
[15:00:00.772][info] [#0:script\workspace\loading.lua:98]: Skip loaded file: file:///c%3A/Users/llydr/Desktop/nvim-win64-083/share/nvim/runtime/my-neovim-data/mason/packages/lua-language-server/meta/LuaJIT%20en-us%20utf8/jit.lua
[15:00:00.772][info] [#0:script\workspace\loading.lua:101]: Preload file at: file:///c%3A/Users/llydr/Desktop/nvim-win64-083/share/nvim/runtime/my-neovim-data/mason/packages/lua-language-server/meta/LuaJIT%20en-us%20utf8/ffi.lua , size = 2.529 KB
[15:00:00.772][info] [#0:script\workspace\loading.lua:113]: ++++As library of:	file:///c%3A/Users/llydr/Desktop/nvim-win64-083/share/nvim/runtime/my-neovim-data/mason/packages/lua-language-server/meta/LuaJIT%20en-us%20utf8/ffi.lua
[15:00:00.772][info] [#0:script\workspace\loading.lua:101]: Preload file at: file:///c%3A/Users/llydr/Desktop/nvim-win64-083/share/nvim/runtime/my-neovim-data/mason/packages/lua-language-server/meta/LuaJIT%20en-us%20utf8/builtin.lua , size = 0.302 KB
[15:00:00.772][info] [#0:script\workspace\loading.lua:113]: ++++As library of:	file:///c%3A/Users/llydr/Desktop/nvim-win64-083/share/nvim/runtime/my-neovim-data/mason/packages/lua-language-server/meta/LuaJIT%20en-us%20utf8/builtin.lua
[15:00:00.772][info] [#0:script\workspace\loading.lua:98]: Skip loaded file: file:///c%3A/Users/llydr/Desktop/nvim-win64-083/share/nvim/runtime/my-neovim-data/mason/packages/lua-language-server/meta/LuaJIT%20en-us%20utf8/ffi.lua
[15:00:00.772][info] [#0:script\workspace\loading.lua:98]: Skip loaded file: file:///c%3A/Users/llydr/Desktop/nvim-win64-083/share/nvim/runtime/my-neovim-data/mason/packages/lua-language-server/meta/LuaJIT%20en-us%20utf8/builtin.lua
[15:00:00.772][info] [#0:script\workspace\loading.lua:101]: Preload file at: file:///c%3A/Users/llydr/Desktop/nvim-win64-083/share/nvim/runtime/my-neovim-data/mason/packages/lua-language-server/meta/LuaJIT%20en-us%20utf8/math.lua , size = 8.133 KB
[15:00:00.772][info] [#0:script\workspace\loading.lua:113]: ++++As library of:	file:///c%3A/Users/llydr/Desktop/nvim-win64-083/share/nvim/runtime/my-neovim-data/mason/packages/lua-language-server/meta/LuaJIT%20en-us%20utf8/math.lua
[15:00:00.772][info] [#0:script\workspace\loading.lua:98]: Skip loaded file: file:///c%3A/Users/llydr/Desktop/nvim-win64-083/share/nvim/runtime/my-neovim-data/mason/packages/lua-language-server/meta/LuaJIT%20en-us%20utf8/math.lua
[15:00:00.772][info] [#0:script\workspace\loading.lua:101]: Preload file at: file:///c%3A/Users/llydr/Desktop/nvim-win64-083/share/nvim/runtime/my-neovim-data/mason/packages/lua-language-server/meta/LuaJIT%20en-us%20utf8/os.lua , size = 4.347 KB
[15:00:00.788][info] [#0:script\workspace\loading.lua:113]: ++++As library of:	file:///c%3A/Users/llydr/Desktop/nvim-win64-083/share/nvim/runtime/my-neovim-data/mason/packages/lua-language-server/meta/LuaJIT%20en-us%20utf8/os.lua
[15:00:00.788][info] [#0:script\workspace\loading.lua:98]: Skip loaded file: file:///c%3A/Users/llydr/Desktop/nvim-win64-083/share/nvim/runtime/my-neovim-data/mason/packages/lua-language-server/meta/LuaJIT%20en-us%20utf8/os.lua
[15:00:00.788][info] [#0:script\workspace\loading.lua:101]: Preload file at: file:///c%3A/Users/llydr/Desktop/nvim-win64-083/share/nvim/runtime/my-neovim-data/mason/packages/lua-language-server/meta/LuaJIT%20en-us%20utf8/string/buffer.lua , size = 18.123 KB
[15:00:00.788][info] [#0:script\workspace\loading.lua:113]: ++++As library of:	file:///c%3A/Users/llydr/Desktop/nvim-win64-083/share/nvim/runtime/my-neovim-data/mason/packages/lua-language-server/meta/LuaJIT%20en-us%20utf8/string/buffer.lua
[15:00:00.788][info] [#0:script\workspace\loading.lua:98]: Skip loaded file: file:///c%3A/Users/llydr/Desktop/nvim-win64-083/share/nvim/runtime/my-neovim-data/mason/packages/lua-language-server/meta/LuaJIT%20en-us%20utf8/string/buffer.lua
[15:00:00.788][info] [#0:script\workspace\loading.lua:101]: Preload file at: file:///c%3A/Users/llydr/Desktop/nvim-win64-083/share/nvim/runtime/my-neovim-data/mason/packages/lua-language-server/meta/LuaJIT%20en-us%20utf8/io.lua , size = 6.364 KB
[15:00:00.788][info] [#0:script\workspace\loading.lua:113]: ++++As library of:	file:///c%3A/Users/llydr/Desktop/nvim-win64-083/share/nvim/runtime/my-neovim-data/mason/packages/lua-language-server/meta/LuaJIT%20en-us%20utf8/io.lua
[15:00:00.788][info] [#0:script\workspace\loading.lua:98]: Skip loaded file: file:///c%3A/Users/llydr/Desktop/nvim-win64-083/share/nvim/runtime/my-neovim-data/mason/packages/lua-language-server/meta/LuaJIT%20en-us%20utf8/io.lua
[15:00:00.788][info] [#0:script\workspace\loading.lua:101]: Preload file at: file:///c%3A/Users/llydr/Desktop/nvim-win64-083/share/nvim/runtime/my-neovim-data/mason/packages/lua-language-server/meta/LuaJIT%20en-us%20utf8/debug.lua , size = 7.310 KB
[15:00:00.788][info] [#0:script\workspace\loading.lua:113]: ++++As library of:	file:///c%3A/Users/llydr/Desktop/nvim-win64-083/share/nvim/runtime/my-neovim-data/mason/packages/lua-language-server/meta/LuaJIT%20en-us%20utf8/debug.lua
[15:00:00.788][info] [#0:script\workspace\loading.lua:98]: Skip loaded file: file:///c%3A/Users/llydr/Desktop/nvim-win64-083/share/nvim/runtime/my-neovim-data/mason/packages/lua-language-server/meta/LuaJIT%20en-us%20utf8/debug.lua
[15:00:00.788][info] [#0:script\workspace\loading.lua:101]: Preload file at: file:///c%3A/Users/llydr/Desktop/nvim-win64-083/share/nvim/runtime/my-neovim-data/mason/packages/lua-language-server/meta/LuaJIT%20en-us%20utf8/string.lua , size = 6.284 KB
[15:00:00.788][info] [#0:script\workspace\loading.lua:113]: ++++As library of:	file:///c%3A/Users/llydr/Desktop/nvim-win64-083/share/nvim/runtime/my-neovim-data/mason/packages/lua-language-server/meta/LuaJIT%20en-us%20utf8/string.lua
[15:00:00.788][info] [#0:script\workspace\loading.lua:98]: Skip loaded file: file:///c%3A/Users/llydr/Desktop/nvim-win64-083/share/nvim/runtime/my-neovim-data/mason/packages/lua-language-server/meta/LuaJIT%20en-us%20utf8/string.lua
[15:00:00.788][info] [#0:script\workspace\loading.lua:101]: Preload file at: file:///c%3A/Users/llydr/Desktop/nvim-win64-083/share/nvim/runtime/my-neovim-data/mason/packages/lua-language-server/meta/LuaJIT%20en-us%20utf8/bit.lua , size = 1.320 KB
[15:00:00.788][info] [#0:script\workspace\loading.lua:113]: ++++As library of:	file:///c%3A/Users/llydr/Desktop/nvim-win64-083/share/nvim/runtime/my-neovim-data/mason/packages/lua-language-server/meta/LuaJIT%20en-us%20utf8/bit.lua
[15:00:00.788][info] [#0:script\workspace\loading.lua:98]: Skip loaded file: file:///c%3A/Users/llydr/Desktop/nvim-win64-083/share/nvim/runtime/my-neovim-data/mason/packages/lua-language-server/meta/LuaJIT%20en-us%20utf8/bit.lua
[15:00:00.788][info] [#0:script\workspace\loading.lua:101]: Preload file at: file:///c%3A/Users/llydr/Desktop/nvim-win64-083/share/nvim/runtime/my-neovim-data/mason/packages/lua-language-server/meta/LuaJIT%20en-us%20utf8/coroutine.lua , size = 2.524 KB
[15:00:00.788][info] [#0:script\workspace\loading.lua:113]: ++++As library of:	file:///c%3A/Users/llydr/Desktop/nvim-win64-083/share/nvim/runtime/my-neovim-data/mason/packages/lua-language-server/meta/LuaJIT%20en-us%20utf8/coroutine.lua
[15:00:00.788][info] [#0:script\workspace\loading.lua:98]: Skip loaded file: file:///c%3A/Users/llydr/Desktop/nvim-win64-083/share/nvim/runtime/my-neovim-data/mason/packages/lua-language-server/meta/LuaJIT%20en-us%20utf8/coroutine.lua
[15:00:00.788][info] [#0:script\workspace\loading.lua:101]: Preload file at: file:///c%3A/Users/llydr/Desktop/nvim-win64-083/share/nvim/runtime/my-neovim-data/mason/packages/lua-language-server/meta/LuaJIT%20en-us%20utf8/table/clear.lua , size = 0.797 KB
[15:00:00.788][info] [#0:script\workspace\loading.lua:113]: ++++As library of:	file:///c%3A/Users/llydr/Desktop/nvim-win64-083/share/nvim/runtime/my-neovim-data/mason/packages/lua-language-server/meta/LuaJIT%20en-us%20utf8/table/clear.lua
[15:00:00.788][info] [#0:script\workspace\loading.lua:98]: Skip loaded file: file:///c%3A/Users/llydr/Desktop/nvim-win64-083/share/nvim/runtime/my-neovim-data/mason/packages/lua-language-server/meta/LuaJIT%20en-us%20utf8/table/clear.lua
[15:00:00.788][info] [#0:script\workspace\loading.lua:101]: Preload file at: file:///c%3A/Users/llydr/Desktop/nvim-win64-083/share/nvim/runtime/my-neovim-data/mason/packages/lua-language-server/meta/LuaJIT%20en-us%20utf8/table.lua , size = 4.230 KB
[15:00:00.803][info] [#0:script\workspace\loading.lua:113]: ++++As library of:	file:///c%3A/Users/llydr/Desktop/nvim-win64-083/share/nvim/runtime/my-neovim-data/mason/packages/lua-language-server/meta/LuaJIT%20en-us%20utf8/table.lua
[15:00:00.803][info] [#0:script\workspace\loading.lua:98]: Skip loaded file: file:///c%3A/Users/llydr/Desktop/nvim-win64-083/share/nvim/runtime/my-neovim-data/mason/packages/lua-language-server/meta/LuaJIT%20en-us%20utf8/table.lua
[15:00:00.803][info] [#0:script\workspace\loading.lua:101]: Preload file at: file:///c%3A/Users/llydr/Desktop/nvim-win64-083/share/nvim/runtime/my-neovim-data/mason/packages/lua-language-server/meta/LuaJIT%20en-us%20utf8/table/new.lua , size = 0.642 KB
[15:00:00.803][info] [#0:script\workspace\loading.lua:113]: ++++As library of:	file:///c%3A/Users/llydr/Desktop/nvim-win64-083/share/nvim/runtime/my-neovim-data/mason/packages/lua-language-server/meta/LuaJIT%20en-us%20utf8/table/new.lua
[15:00:00.803][info] [#0:script\workspace\loading.lua:98]: Skip loaded file: file:///c%3A/Users/llydr/Desktop/nvim-win64-083/share/nvim/runtime/my-neovim-data/mason/packages/lua-language-server/meta/LuaJIT%20en-us%20utf8/table/new.lua
[15:00:00.803][info] [#0:script\workspace\loading.lua:101]: Preload file at: file:///c%3A/Users/llydr/Desktop/barbar.nvim/lua/barbar/animate.lua , size = 2.540 KB
[15:00:00.803][info] [#0:script\workspace\loading.lua:101]: Preload file at: file:///c%3A/Users/llydr/Desktop/barbar.nvim/lua/barbar/api.lua , size = 13.216 KB
[15:00:00.803][info] [#0:script\workspace\loading.lua:101]: Preload file at: file:///c%3A/Users/llydr/Desktop/barbar.nvim/lua/barbar/buffer.lua , size = 8.399 KB
[15:00:00.803][info] [#0:script\workspace\loading.lua:101]: Preload file at: file:///c%3A/Users/llydr/Desktop/barbar.nvim/lua/barbar/bbye.lua , size = 9.377 KB
[15:00:00.803][info] [#0:script\workspace\loading.lua:101]: Preload file at: file:///c%3A/Users/llydr/Desktop/barbar.nvim/lua/barbar/config.lua , size = 11.518 KB
[15:00:00.819][info] [#0:script\workspace\loading.lua:101]: Preload file at: file:///c%3A/Users/llydr/Desktop/barbar.nvim/lua/barbar/events.lua , size = 11.866 KB
[15:00:00.819][info] [#0:script\workspace\loading.lua:101]: Preload file at: file:///c%3A/Users/llydr/Desktop/barbar.nvim/lua/barbar/fs.lua , size = 2.007 KB
[15:00:00.819][info] [#0:script\workspace\loading.lua:101]: Preload file at: file:///c%3A/Users/llydr/Desktop/barbar.nvim/lua/barbar/highlight.lua , size = 10.518 KB
[15:00:00.819][info] [#0:script\workspace\loading.lua:101]: Preload file at: file:///c%3A/Users/llydr/Desktop/barbar.nvim/lua/barbar/icons.lua , size = 3.438 KB
[15:00:00.819][info] [#0:script\workspace\loading.lua:101]: Preload file at: file:///c%3A/Users/llydr/Desktop/barbar.nvim/lua/barbar/jump_mode.lua , size = 3.875 KB
[15:00:00.819][info] [#0:script\workspace\loading.lua:101]: Preload file at: file:///c%3A/Users/llydr/Desktop/barbar.nvim/lua/barbar/types.lua , size = 0.044 KB
[15:00:00.819][info] [#0:script\workspace\loading.lua:101]: Preload file at: file:///c%3A/Users/llydr/Desktop/barbar.nvim/lua/barbar/state.lua , size = 8.932 KB
[15:00:00.834][info] [#0:script\workspace\loading.lua:101]: Preload file at: file:///c%3A/Users/llydr/Desktop/barbar.nvim/lua/barbar/ui/layout.lua , size = 7.886 KB
[15:00:00.834][info] [#0:script\workspace\loading.lua:101]: Preload file at: file:///c%3A/Users/llydr/Desktop/barbar.nvim/lua/barbar/ui/nodes.lua , size = 6.018 KB
[15:00:00.834][info] [#0:script\workspace\loading.lua:101]: Preload file at: file:///c%3A/Users/llydr/Desktop/barbar.nvim/lua/barbar/ui/types.lua , size = 0.258 KB
[15:00:00.834][info] [#0:script\workspace\loading.lua:101]: Preload file at: file:///c%3A/Users/llydr/Desktop/barbar.nvim/lua/barbar/ui/render.lua , size = 24.036 KB
[15:00:00.850][info] [#0:script\workspace\loading.lua:101]: Preload file at: file:///c%3A/Users/llydr/Desktop/barbar.nvim/lua/barbar/utils/list.lua , size = 0.991 KB
[15:00:00.850][info] [#0:script\workspace\loading.lua:101]: Preload file at: file:///c%3A/Users/llydr/Desktop/barbar.nvim/lua/barbar/utils/table.lua , size = 0.875 KB
[15:00:00.850][info] [#0:script\workspace\loading.lua:101]: Preload file at: file:///c%3A/Users/llydr/Desktop/barbar.nvim/lua/barbar/utils/highlight.lua , size = 5.766 KB
[15:00:00.850][info] [#0:script\workspace\loading.lua:101]: Preload file at: file:///c%3A/Users/llydr/Desktop/barbar.nvim/lua/barbar/utils.lua , size = 1.216 KB
[15:00:00.850][info] [#0:script\workspace\loading.lua:101]: Preload file at: file:///c%3A/Users/llydr/Desktop/barbar.nvim/lua/bufferline/animate.lua , size = 0.033 KB
[15:00:00.850][info] [#0:script\workspace\loading.lua:101]: Preload file at: file:///c%3A/Users/llydr/Desktop/barbar.nvim/lua/barbar.lua , size = 6.172 KB
[15:00:00.850][info] [#0:script\workspace\loading.lua:101]: Preload file at: file:///c%3A/Users/llydr/Desktop/barbar.nvim/lua/bufferline/api.lua , size = 0.029 KB
[15:00:00.850][info] [#0:script\workspace\loading.lua:89]: Skip loaded file: file:///c%3A/Users/llydr/Desktop/barbar.nvim/plugin/barbar.lua
[15:00:00.959][info] [#0:script\workspace\loading.lua:173]: Loaded files takes [0.186] sec: <fallback>
[15:00:00.959][info] [#0:script\workspace\loading.lua:182]: Compile files takes [0.000] sec: <fallback>
[15:00:00.959][info] [#0:script\workspace\loading.lua:183]: Loaded finish:	<fallback>
[15:00:00.959][info] [#0:script\workspace\workspace.lua:379]: Preload finish at:	<fallback>
[15:00:00.959][info] [#0:script\workspace\loading.lua:101]: Preload file at: file:///c%3A/Users/llydr/Desktop/barbar.nvim/lua/bufferline/buffer.lua , size = 0.032 KB
[15:00:00.959][info] [#0:script\workspace\loading.lua:101]: Preload file at: file:///c%3A/Users/llydr/Desktop/barbar.nvim/lua/bufferline/config.lua , size = 0.032 KB
[15:00:00.959][info] [#0:script\workspace\loading.lua:101]: Preload file at: file:///c%3A/Users/llydr/Desktop/barbar.nvim/lua/bufferline/events.lua , size = 0.032 KB
[15:00:00.959][info] [#0:script\workspace\loading.lua:101]: Preload file at: file:///c%3A/Users/llydr/Desktop/barbar.nvim/lua/bufferline/highlight.lua , size = 0.035 KB
[15:00:00.959][info] [#0:script\workspace\loading.lua:101]: Preload file at: file:///c%3A/Users/llydr/Desktop/barbar.nvim/lua/bufferline/bbye.lua , size = 0.030 KB
[15:00:00.959][info] [#0:script\workspace\loading.lua:101]: Preload file at: file:///c%3A/Users/llydr/Desktop/barbar.nvim/lua/bufferline/icons.lua , size = 0.031 KB
[15:00:00.959][info] [#0:script\workspace\loading.lua:101]: Preload file at: file:///c%3A/Users/llydr/Desktop/barbar.nvim/lua/bufferline/layout.lua , size = 0.035 KB
[15:00:00.959][info] [#0:script\workspace\loading.lua:101]: Preload file at: file:///c%3A/Users/llydr/Desktop/barbar.nvim/lua/bufferline/jump_mode.lua , size = 0.035 KB
[15:00:00.959][info] [#0:script\workspace\loading.lua:101]: Preload file at: file:///c%3A/Users/llydr/Desktop/barbar.nvim/lua/bufferline/render.lua , size = 0.191 KB
[15:00:00.959][info] [#0:script\workspace\loading.lua:101]: Preload file at: file:///c%3A/Users/llydr/Desktop/barbar.nvim/lua/bufferline/state.lua , size = 0.031 KB
[15:00:00.959][info] [#0:script\workspace\loading.lua:101]: Preload file at: file:///c%3A/Users/llydr/Desktop/barbar.nvim/lua/bufferline/utils.lua , size = 0.557 KB
[15:00:00.959][info] [#0:script\workspace\loading.lua:101]: Preload file at: file:///c%3A/Users/llydr/Desktop/barbar.nvim/lua/bufferline.lua , size = 0.025 KB
[15:00:01.069][info] [#0:script\workspace\loading.lua:173]: Loaded files takes [0.295] sec: file:///c%3A/Users/llydr/Desktop/barbar.nvim
[15:00:01.069][info] [#0:script\workspace\loading.lua:182]: Compile files takes [0.000] sec: file:///c%3A/Users/llydr/Desktop/barbar.nvim
[15:00:01.069][info] [#0:script\workspace\loading.lua:183]: Loaded finish:	file:///c%3A/Users/llydr/Desktop/barbar.nvim
[15:00:01.069][info] [#0:script\workspace\workspace.lua:379]: Preload finish at:	file:///c%3A/Users/llydr/Desktop/barbar.nvim
[15:00:01.069][warn] [#0:script\proto\proto.lua:178]: Method [textDocument/didOpen] takes [0.707]sec. {
  jsonrpc = "2.0",
  method = "textDocument/didOpen",
  params = {
    textDocument = {
      languageId = "lua",
      text = '"***"',
      uri = "file:///C:/Users/llydr/Desktop/barbar.nvim/plugin/barbar.lua",
      version = 0
    }
  }
}
[15:00:01.178][info] [#0:script\provider\diagnostic.lua:557]: Diagnostics scope [file:///c%3A/Users/llydr/Desktop/barbar.nvim], files count:[52]
[15:00:01.178][warn] [#0:script\proto\proto.lua:178]: Method [textDocument/semanticTokens/full] takes [0.527]sec. {
  id = 8,
  jsonrpc = "2.0",
  method = "textDocument/semanticTokens/full",
  params = {
    textDocument = {
      uri = "file:///C:/Users/llydr/Desktop/barbar.nvim/plugin/barbar.lua"
    }
  }
}
[15:00:01.350][info] [#0:script\provider\diagnostic.lua:574]: Diagnostics scope [file:///c%3A/Users/llydr/Desktop/barbar.nvim] finished, takes [0.178] sec.
[15:01:39.756][info] [#0:script\provider\provider.lua:169]: Server shutdown.
[15:01:39.850][info] [#0:script\provider\provider.lua:162]: Server exited.
