[21:47:29.640][info] [#0:C:/Users/llydr/Desktop/nvim-win64-083/share/nvim/runtime/my-neovim-data/mason/packages/lua-language-server\main.lua:66]: Lua Lsp startup, root: 	C:/Users/llydr/Desktop/nvim-win64-083/share/nvim/runtime/my-neovim-data/mason/packages/lua-language-server
[21:47:29.640][info] [#0:C:/Users/llydr/Desktop/nvim-win64-083/share/nvim/runtime/my-neovim-data/mason/packages/lua-language-server\main.lua:67]: ROOT:	C:/Users/llydr/Desktop/nvim-win64-083/share/nvim/runtime/my-neovim-data/mason/packages/lua-language-server
[21:47:29.640][info] [#0:C:/Users/llydr/Desktop/nvim-win64-083/share/nvim/runtime/my-neovim-data/mason/packages/lua-language-server\main.lua:68]: LOGPATH:	C:/Users/llydr/Desktop/nvim-win64-083/share/nvim/runtime/my-neovim-data/mason/packages/lua-language-server/log
[21:47:29.640][info] [#0:C:/Users/llydr/Desktop/nvim-win64-083/share/nvim/runtime/my-neovim-data/mason/packages/lua-language-server\main.lua:69]: METAPATH:	C:/Users/llydr/Desktop/nvim-win64-083/share/nvim/runtime/my-neovim-data/mason/packages/lua-language-server/meta
[21:47:29.640][info] [#0:C:/Users/llydr/Desktop/nvim-win64-083/share/nvim/runtime/my-neovim-data/mason/packages/lua-language-server\main.lua:70]: VERSION:	3.6.18
[21:47:29.656][info] [#0:script\service\service.lua:144]: 
========= Medical Examination Report =========
    --------------- Memory ---------------
        Total: 2.115 MB
        # 00 : 2.115 MB
        # 01 : 0.000 MB
        # 02 : 0.000 MB
        # 03 : 0.000 MB
        # 04 : 0.000 MB
    --------------- Coroutine ---------------
        Total:     0
        Running:   0
        Suspended: 0
        Normal:    0
        Dead:      0
    --------------- Cache ---------------
        Total: 1
        Dead:  0
    ---------------  RPC  ---------------
        Holdon:   0
        Waiting:  0
==============================================
[21:47:29.672][info] [#0:script\client.lua:657]: Client init	{
  capabilities = {
    textDocument = {
      callHierarchy = {
        dynamicRegistration = false
      },
      codeAction = {
        codeActionLiteralSupport = {
          codeActionKind = {
            valueSet = { "", "quickfix", "refactor", "refactor.extract", "refactor.inline", "refactor.rewrite", "source", "source.organizeImports" }
          }
        },
        dataSupport = true,
        dynamicRegistration = false,
        isPreferredSupport = true,
        resolveSupport = {
          properties = { "edit" }
        }
      },
      completion = {
        completionItem = {
          commitCharactersSupport = true,
          deprecatedSupport = true,
          documentationFormat = { "markdown", "plaintext" },
          insertReplaceSupport = true,
          insertTextModeSupport = {
            valueSet = { 1, 2 }
          },
          labelDetailsSupport = true,
          preselectSupport = true,
          resolveSupport = {
            properties = { "documentation", "detail", "additionalTextEdits" }
          },
          snippetSupport = true,
          tagSupport = {
            valueSet = { 1 }
          }
        },
        completionItemKind = {
          valueSet = { 1, 2, 3, 4, 5, 6, 7, 8, 9, 10, 11, 12, 13, 14, 15, 16, 17, 18, 19, 20, 21, 22, 23, 24, 25 }
        },
        completionList = {
          itemDefaults = { "commitCharacters", "editRange", "insertTextFormat", "insertTextMode", "data" }
        },
        contextSupport = true,
        dynamicRegistration = false,
        insertTextMode = 1
      },
      declaration = {
        linkSupport = true
      },
      definition = {
        linkSupport = true
      },
      documentHighlight = {
        dynamicRegistration = false
      },
      documentSymbol = {
        dynamicRegistration = false,
        hierarchicalDocumentSymbolSupport = true,
        symbolKind = {
          valueSet = { 1, 2, 3, 4, 5, 6, 7, 8, 9, 10, 11, 12, 13, 14, 15, 16, 17, 18, 19, 20, 21, 22, 23, 24, 25, 26 }
        }
      },
      hover = {
        contentFormat = { "markdown", "plaintext" },
        dynamicRegistration = false
      },
      implementation = {
        linkSupport = true
      },
      publishDiagnostics = {
        relatedInformation = true,
        tagSupport = {
          valueSet = { 1, 2 }
        }
      },
      references = {
        dynamicRegistration = false
      },
      rename = {
        dynamicRegistration = false,
        prepareSupport = true
      },
      semanticTokens = {
        augmentsSyntaxTokens = true,
        dynamicRegistration = false,
        formats = { "relative" },
        multilineTokenSupport = false,
        overlappingTokenSupport = true,
        requests = {
          full = {
            delta = true
          },
          range = false
        },
        serverCancelSupport = false,
        tokenModifiers = { "declaration", "definition", "readonly", "static", "deprecated", "abstract", "async", "modification", "documentation", "defaultLibrary" },
        tokenTypes = { "namespace", "type", "class", "enum", "interface", "struct", "typeParameter", "parameter", "variable", "property", "enumMember", "event", "function", "method", "macro", "keyword", "modifier", "comment", "string", "number", "regexp", "operator", "decorator" }
      },
      signatureHelp = {
        dynamicRegistration = false,
        signatureInformation = {
          activeParameterSupport = true,
          documentationFormat = { "markdown", "plaintext" },
          parameterInformation = {
            labelOffsetSupport = true
          }
        }
      },
      synchronization = {
        didSave = true,
        dynamicRegistration = false,
        willSave = true,
        willSaveWaitUntil = true
      },
      typeDefinition = {
        linkSupport = true
      }
    },
    window = {
      showDocument = {
        support = true
      },
      showMessage = {
        messageActionItem = {
          additionalPropertiesSupport = false
        }
      },
      workDoneProgress = true
    },
    workspace = {
      applyEdit = true,
      configuration = true,
      didChangeWatchedFiles = {
        dynamicRegistration = false,
        relativePatternSupport = true
      },
      semanticTokens = {
        refreshSupport = true
      },
      symbol = {
        dynamicRegistration = false,
        hierarchicalWorkspaceSymbolSupport = true,
        symbolKind = {
          valueSet = { 1, 2, 3, 4, 5, 6, 7, 8, 9, 10, 11, 12, 13, 14, 15, 16, 17, 18, 19, 20, 21, 22, 23, 24, 25, 26 }
        }
      },
      workspaceEdit = {
        resourceOperations = { "rename", "create", "delete" }
      },
      workspaceFolders = true
    }
  },
  clientInfo = {
    name = "Neovim",
    version = "0.9.0"
  },
  initializationOptions = {},
  processId = 12388,
  rootPath = "C:\\Users\\llydr\\Desktop\\nvim-win64-083\\share\\nvim\\runtime\\pack\\packer\\start\\nightfox.nvim",
  rootUri = "file:///C:/Users/llydr/Desktop/nvim-win64-083/share/nvim/runtime/pack/packer/start/nightfox.nvim",
  trace = "off",
  workspaceFolders = { {
      name = "C:/Users/llydr/Desktop/nvim-win64-083/share/nvim/runtime/pack/packer/start/nightfox.nvim",
      uri = "file:///C:/Users/llydr/Desktop/nvim-win64-083/share/nvim/runtime/pack/packer/start/nightfox.nvim"
    } }
}
[21:47:29.672][info] [#0:script\language.lua:137]: VSC language: nil
[21:47:29.672][info] [#0:script\language.lua:138]: LS  language: en-us
[21:47:29.672][info] [#0:script\workspace\workspace.lua:38]: Workspace init root: 	file:///C:/Users/llydr/Desktop/nvim-win64-083/share/nvim/runtime/pack/packer/start/nightfox.nvim
[21:47:29.672][info] [#0:script\workspace\workspace.lua:42]: Log path: 	C:/Users/llydr/Desktop/nvim-win64-083/share/nvim/runtime/my-neovim-data/mason/packages/lua-language-server/log/file_C_Users_llydr_Desktop_nvim-win64-083_share_nvim_runtime_pack_packer_start_nightfox.nvim.log
[21:47:29.672][info] [#0:script\workspace\workspace.lua:48]: Workspace create: 	file:///c%3A/Users/llydr/Desktop/nvim-win64-083/share/nvim/runtime/pack/packer/start/nightfox.nvim
[21:47:29.797][info] [#0:script\provider\provider.lua:46]: Load config from client	file:///c%3A/Users/llydr/Desktop/nvim-win64-083/share/nvim/runtime/pack/packer/start/nightfox.nvim
[21:47:29.797][info] [#0:script\provider\provider.lua:47]: {
  Lua = {
    diagnostics = {
      globals = { "vim" }
    },
    runtime = {
      version = "LuaJIT"
    },
    telemetry = {
      enable = false
    },
    workspace = {
      checkThirdParty = false,
      library = {}
    }
  }
}
[21:47:29.797][info] [#0:script\provider\provider.lua:46]: Load config from client	file:///c%3A/Users/llydr/Desktop/nvim-win64-083/share/nvim/runtime/pack/packer/start/nightfox.nvim
[21:47:29.797][info] [#0:script\provider\provider.lua:47]: {
  Lua = {
    diagnostics = {
      globals = { "vim" }
    },
    runtime = {
      version = "LuaJIT"
    },
    telemetry = {
      enable = false
    },
    workspace = {
      checkThirdParty = false,
      library = {}
    }
  }
}
[21:47:29.797][info] [#0:script\provider\provider.lua:46]: Load config from client	file:///c%3A/Users/llydr/Desktop/nvim-win64-083/share/nvim/runtime/pack/packer/start/nightfox.nvim
[21:47:29.797][info] [#0:script\provider\provider.lua:47]: {
  Lua = {
    diagnostics = {
      globals = { "vim" }
    },
    runtime = {
      version = "LuaJIT"
    },
    telemetry = {
      enable = false
    },
    workspace = {
      checkThirdParty = false,
      library = {}
    }
  }
}
[21:47:29.797][info] [#0:script\provider\provider.lua:61]: Load config from client	fallback
[21:47:29.797][info] [#0:script\provider\provider.lua:62]: {
  Lua = {
    diagnostics = {
      globals = { "vim" }
    },
    runtime = {
      version = "LuaJIT"
    },
    telemetry = {
      enable = false
    },
    workspace = {
      checkThirdParty = false,
      library = {}
    }
  }
}
[21:47:29.797][info] [#0:script\library.lua:212]: Init builtin library at:	file:///c%3A/Users/llydr/Desktop/nvim-win64-083/share/nvim/runtime/pack/packer/start/nightfox.nvim
[21:47:29.812][info] [#0:script\plugin.lua:86]: plugin path:	C:\Users\llydr\Desktop\nvim-win64-083\share\nvim\runtime\pack\packer\start\nightfox.nvim
[21:47:29.812][warn] [#0:script\plugin.lua:101]: plugin not found:	C:\Users\llydr\Desktop\nvim-win64-083\share\nvim\runtime\pack\packer\start\nightfox.nvim
[21:47:29.812][info] [#0:script\library.lua:212]: Init builtin library at:	nil
[21:47:29.812][info] [#0:script\provider\provider.lua:61]: Load config from client	fallback
[21:47:29.812][info] [#0:script\provider\provider.lua:62]: {
  Lua = {
    diagnostics = {
      globals = { "vim" }
    },
    runtime = {
      version = "LuaJIT"
    },
    telemetry = {
      enable = false
    },
    workspace = {
      checkThirdParty = false,
      library = {}
    }
  }
}
[21:47:29.812][info] [#0:script\provider\provider.lua:61]: Load config from client	fallback
[21:47:29.812][info] [#0:script\provider\provider.lua:62]: {
  Lua = {
    diagnostics = {
      globals = { "vim" }
    },
    runtime = {
      version = "LuaJIT"
    },
    telemetry = {
      enable = false
    },
    workspace = {
      checkThirdParty = false,
      library = {}
    }
  }
}
[21:47:29.922][info] [#0:script\workspace\workspace.lua:322]: Preload start:	file:///c%3A/Users/llydr/Desktop/nvim-win64-083/share/nvim/runtime/pack/packer/start/nightfox.nvim
[21:47:29.937][info] [#0:script\workspace\workspace.lua:328]: Scan files at:	file:///c%3A/Users/llydr/Desktop/nvim-win64-083/share/nvim/runtime/pack/packer/start/nightfox.nvim
[21:47:29.937][info] [#0:script\workspace\workspace.lua:322]: Preload start:	<fallback>
[21:47:29.937][info] [#0:script\workspace\workspace.lua:351]: Scan library at:	file:///c%3A/Users/llydr/Desktop/nvim-win64-083/share/nvim/runtime/my-neovim-data/mason/packages/lua-language-server/meta/LuaJIT%20en-us%20utf8/table/new.lua
[21:47:29.937][info] [#0:script\workspace\workspace.lua:351]: Scan library at:	file:///c%3A/Users/llydr/Desktop/nvim-win64-083/share/nvim/runtime/my-neovim-data/mason/packages/lua-language-server/meta/LuaJIT%20en-us%20utf8/table.lua
[21:47:29.937][info] [#0:script\workspace\workspace.lua:351]: Scan library at:	file:///c%3A/Users/llydr/Desktop/nvim-win64-083/share/nvim/runtime/my-neovim-data/mason/packages/lua-language-server/meta/LuaJIT%20en-us%20utf8/table/clear.lua
[21:47:29.937][info] [#0:script\workspace\workspace.lua:351]: Scan library at:	file:///c%3A/Users/llydr/Desktop/nvim-win64-083/share/nvim/runtime/my-neovim-data/mason/packages/lua-language-server/meta/LuaJIT%20en-us%20utf8/coroutine.lua
[21:47:29.937][info] [#0:script\workspace\workspace.lua:351]: Scan library at:	file:///c%3A/Users/llydr/Desktop/nvim-win64-083/share/nvim/runtime/my-neovim-data/mason/packages/lua-language-server/meta/LuaJIT%20en-us%20utf8/bit.lua
[21:47:29.937][info] [#0:script\workspace\workspace.lua:351]: Scan library at:	file:///c%3A/Users/llydr/Desktop/nvim-win64-083/share/nvim/runtime/my-neovim-data/mason/packages/lua-language-server/meta/LuaJIT%20en-us%20utf8/string.lua
[21:47:29.937][info] [#0:script\workspace\workspace.lua:351]: Scan library at:	file:///c%3A/Users/llydr/Desktop/nvim-win64-083/share/nvim/runtime/my-neovim-data/mason/packages/lua-language-server/meta/LuaJIT%20en-us%20utf8/debug.lua
[21:47:29.937][info] [#0:script\workspace\workspace.lua:351]: Scan library at:	file:///c%3A/Users/llydr/Desktop/nvim-win64-083/share/nvim/runtime/my-neovim-data/mason/packages/lua-language-server/meta/LuaJIT%20en-us%20utf8/io.lua
[21:47:29.937][info] [#0:script\workspace\workspace.lua:351]: Scan library at:	file:///c%3A/Users/llydr/Desktop/nvim-win64-083/share/nvim/runtime/my-neovim-data/mason/packages/lua-language-server/meta/LuaJIT%20en-us%20utf8/string/buffer.lua
[21:47:29.937][info] [#0:script\workspace\workspace.lua:351]: Scan library at:	file:///c%3A/Users/llydr/Desktop/nvim-win64-083/share/nvim/runtime/my-neovim-data/mason/packages/lua-language-server/meta/LuaJIT%20en-us%20utf8/os.lua
[21:47:29.937][info] [#0:script\workspace\workspace.lua:351]: Scan library at:	file:///c%3A/Users/llydr/Desktop/nvim-win64-083/share/nvim/runtime/my-neovim-data/mason/packages/lua-language-server/meta/LuaJIT%20en-us%20utf8/math.lua
[21:47:29.937][info] [#0:script\workspace\workspace.lua:351]: Scan library at:	file:///c%3A/Users/llydr/Desktop/nvim-win64-083/share/nvim/runtime/my-neovim-data/mason/packages/lua-language-server/meta/LuaJIT%20en-us%20utf8/builtin.lua
[21:47:29.937][info] [#0:script\workspace\workspace.lua:351]: Scan library at:	file:///c%3A/Users/llydr/Desktop/nvim-win64-083/share/nvim/runtime/my-neovim-data/mason/packages/lua-language-server/meta/LuaJIT%20en-us%20utf8/ffi.lua
[21:47:29.937][info] [#0:script\workspace\workspace.lua:351]: Scan library at:	file:///c%3A/Users/llydr/Desktop/nvim-win64-083/share/nvim/runtime/my-neovim-data/mason/packages/lua-language-server/meta/LuaJIT%20en-us%20utf8/jit.lua
[21:47:29.937][info] [#0:script\workspace\workspace.lua:351]: Scan library at:	file:///c%3A/Users/llydr/Desktop/nvim-win64-083/share/nvim/runtime/my-neovim-data/mason/packages/lua-language-server/meta/LuaJIT%20en-us%20utf8/basic.lua
[21:47:29.937][info] [#0:script\workspace\workspace.lua:351]: Scan library at:	file:///c%3A/Users/llydr/Desktop/nvim-win64-083/share/nvim/runtime/my-neovim-data/mason/packages/lua-language-server/meta/LuaJIT%20en-us%20utf8/package.lua
[21:47:29.953][info] [#0:script\workspace\workspace.lua:351]: Scan library at:	file:///c%3A/Users/llydr/Desktop/nvim-win64-083/share/nvim/runtime/my-neovim-data/mason/packages/lua-language-server/meta/LuaJIT%20en-us%20utf8/table/new.lua
[21:47:29.953][info] [#0:script\workspace\workspace.lua:351]: Scan library at:	file:///c%3A/Users/llydr/Desktop/nvim-win64-083/share/nvim/runtime/my-neovim-data/mason/packages/lua-language-server/meta/LuaJIT%20en-us%20utf8/table.lua
[21:47:29.953][info] [#0:script\workspace\workspace.lua:351]: Scan library at:	file:///c%3A/Users/llydr/Desktop/nvim-win64-083/share/nvim/runtime/my-neovim-data/mason/packages/lua-language-server/meta/LuaJIT%20en-us%20utf8/table/clear.lua
[21:47:29.953][info] [#0:script\workspace\workspace.lua:351]: Scan library at:	file:///c%3A/Users/llydr/Desktop/nvim-win64-083/share/nvim/runtime/my-neovim-data/mason/packages/lua-language-server/meta/LuaJIT%20en-us%20utf8/coroutine.lua
[21:47:29.953][info] [#0:script\workspace\workspace.lua:351]: Scan library at:	file:///c%3A/Users/llydr/Desktop/nvim-win64-083/share/nvim/runtime/my-neovim-data/mason/packages/lua-language-server/meta/LuaJIT%20en-us%20utf8/bit.lua
[21:47:29.953][info] [#0:script\workspace\workspace.lua:351]: Scan library at:	file:///c%3A/Users/llydr/Desktop/nvim-win64-083/share/nvim/runtime/my-neovim-data/mason/packages/lua-language-server/meta/LuaJIT%20en-us%20utf8/string.lua
[21:47:29.953][info] [#0:script\workspace\workspace.lua:351]: Scan library at:	file:///c%3A/Users/llydr/Desktop/nvim-win64-083/share/nvim/runtime/my-neovim-data/mason/packages/lua-language-server/meta/LuaJIT%20en-us%20utf8/debug.lua
[21:47:29.953][info] [#0:script\workspace\workspace.lua:351]: Scan library at:	file:///c%3A/Users/llydr/Desktop/nvim-win64-083/share/nvim/runtime/my-neovim-data/mason/packages/lua-language-server/meta/LuaJIT%20en-us%20utf8/io.lua
[21:47:29.953][info] [#0:script\workspace\workspace.lua:351]: Scan library at:	file:///c%3A/Users/llydr/Desktop/nvim-win64-083/share/nvim/runtime/my-neovim-data/mason/packages/lua-language-server/meta/LuaJIT%20en-us%20utf8/string/buffer.lua
[21:47:29.953][info] [#0:script\workspace\workspace.lua:351]: Scan library at:	file:///c%3A/Users/llydr/Desktop/nvim-win64-083/share/nvim/runtime/my-neovim-data/mason/packages/lua-language-server/meta/LuaJIT%20en-us%20utf8/os.lua
[21:47:29.953][info] [#0:script\workspace\workspace.lua:351]: Scan library at:	file:///c%3A/Users/llydr/Desktop/nvim-win64-083/share/nvim/runtime/my-neovim-data/mason/packages/lua-language-server/meta/LuaJIT%20en-us%20utf8/math.lua
[21:47:29.953][info] [#0:script\workspace\workspace.lua:351]: Scan library at:	file:///c%3A/Users/llydr/Desktop/nvim-win64-083/share/nvim/runtime/my-neovim-data/mason/packages/lua-language-server/meta/LuaJIT%20en-us%20utf8/builtin.lua
[21:47:29.953][info] [#0:script\workspace\workspace.lua:351]: Scan library at:	file:///c%3A/Users/llydr/Desktop/nvim-win64-083/share/nvim/runtime/my-neovim-data/mason/packages/lua-language-server/meta/LuaJIT%20en-us%20utf8/ffi.lua
[21:47:29.953][info] [#0:script\workspace\workspace.lua:351]: Scan library at:	file:///c%3A/Users/llydr/Desktop/nvim-win64-083/share/nvim/runtime/my-neovim-data/mason/packages/lua-language-server/meta/LuaJIT%20en-us%20utf8/jit.lua
[21:47:29.953][info] [#0:script\workspace\workspace.lua:351]: Scan library at:	file:///c%3A/Users/llydr/Desktop/nvim-win64-083/share/nvim/runtime/my-neovim-data/mason/packages/lua-language-server/meta/LuaJIT%20en-us%20utf8/basic.lua
[21:47:29.953][info] [#0:script\workspace\workspace.lua:351]: Scan library at:	file:///c%3A/Users/llydr/Desktop/nvim-win64-083/share/nvim/runtime/my-neovim-data/mason/packages/lua-language-server/meta/LuaJIT%20en-us%20utf8/package.lua
[21:47:30.062][info] [#0:script\workspace\workspace.lua:377]: Found 16 files at:	<fallback>
[21:47:30.062][info] [#0:script\workspace\loading.lua:161]: Load files from disk:	<fallback>
[21:47:30.062][info] [#0:script\workspace\workspace.lua:377]: Found 116 files at:	file:///c%3A/Users/llydr/Desktop/nvim-win64-083/share/nvim/runtime/pack/packer/start/nightfox.nvim
[21:47:30.062][info] [#0:script\workspace\loading.lua:161]: Load files from disk:	file:///c%3A/Users/llydr/Desktop/nvim-win64-083/share/nvim/runtime/pack/packer/start/nightfox.nvim
[21:47:30.062][info] [#0:script\workspace\loading.lua:101]: Preload file at: file:///c%3A/Users/llydr/Desktop/nvim-win64-083/share/nvim/runtime/my-neovim-data/mason/packages/lua-language-server/meta/LuaJIT%20en-us%20utf8/package.lua , size = 2.699 KB
[21:47:30.062][info] [#0:script\workspace\loading.lua:113]: ++++As library of:	file:///c%3A/Users/llydr/Desktop/nvim-win64-083/share/nvim/runtime/my-neovim-data/mason/packages/lua-language-server/meta/LuaJIT%20en-us%20utf8/package.lua
[21:47:30.062][info] [#0:script\workspace\loading.lua:101]: Preload file at: file:///c%3A/Users/llydr/Desktop/nvim-win64-083/share/nvim/runtime/my-neovim-data/mason/packages/lua-language-server/meta/LuaJIT%20en-us%20utf8/basic.lua , size = 14.135 KB
[21:47:30.078][info] [#0:script\workspace\loading.lua:113]: ++++As library of:	file:///c%3A/Users/llydr/Desktop/nvim-win64-083/share/nvim/runtime/my-neovim-data/mason/packages/lua-language-server/meta/LuaJIT%20en-us%20utf8/basic.lua
[21:47:30.078][info] [#0:script\workspace\loading.lua:98]: Skip loaded file: file:///c%3A/Users/llydr/Desktop/nvim-win64-083/share/nvim/runtime/my-neovim-data/mason/packages/lua-language-server/meta/LuaJIT%20en-us%20utf8/basic.lua
[21:47:30.078][info] [#0:script\workspace\loading.lua:98]: Skip loaded file: file:///c%3A/Users/llydr/Desktop/nvim-win64-083/share/nvim/runtime/my-neovim-data/mason/packages/lua-language-server/meta/LuaJIT%20en-us%20utf8/package.lua
[21:47:30.078][info] [#0:script\workspace\loading.lua:101]: Preload file at: file:///c%3A/Users/llydr/Desktop/nvim-win64-083/share/nvim/runtime/my-neovim-data/mason/packages/lua-language-server/meta/LuaJIT%20en-us%20utf8/jit.lua , size = 0.683 KB
[21:47:30.078][info] [#0:script\workspace\loading.lua:113]: ++++As library of:	file:///c%3A/Users/llydr/Desktop/nvim-win64-083/share/nvim/runtime/my-neovim-data/mason/packages/lua-language-server/meta/LuaJIT%20en-us%20utf8/jit.lua
[21:47:30.078][info] [#0:script\workspace\loading.lua:98]: Skip loaded file: file:///c%3A/Users/llydr/Desktop/nvim-win64-083/share/nvim/runtime/my-neovim-data/mason/packages/lua-language-server/meta/LuaJIT%20en-us%20utf8/jit.lua
[21:47:30.078][info] [#0:script\workspace\loading.lua:101]: Preload file at: file:///c%3A/Users/llydr/Desktop/nvim-win64-083/share/nvim/runtime/my-neovim-data/mason/packages/lua-language-server/meta/LuaJIT%20en-us%20utf8/ffi.lua , size = 2.529 KB
[21:47:30.078][info] [#0:script\workspace\loading.lua:113]: ++++As library of:	file:///c%3A/Users/llydr/Desktop/nvim-win64-083/share/nvim/runtime/my-neovim-data/mason/packages/lua-language-server/meta/LuaJIT%20en-us%20utf8/ffi.lua
[21:47:30.078][info] [#0:script\workspace\loading.lua:98]: Skip loaded file: file:///c%3A/Users/llydr/Desktop/nvim-win64-083/share/nvim/runtime/my-neovim-data/mason/packages/lua-language-server/meta/LuaJIT%20en-us%20utf8/ffi.lua
[21:47:30.078][info] [#0:script\workspace\loading.lua:101]: Preload file at: file:///c%3A/Users/llydr/Desktop/nvim-win64-083/share/nvim/runtime/my-neovim-data/mason/packages/lua-language-server/meta/LuaJIT%20en-us%20utf8/builtin.lua , size = 0.302 KB
[21:47:30.078][info] [#0:script\workspace\loading.lua:113]: ++++As library of:	file:///c%3A/Users/llydr/Desktop/nvim-win64-083/share/nvim/runtime/my-neovim-data/mason/packages/lua-language-server/meta/LuaJIT%20en-us%20utf8/builtin.lua
[21:47:30.078][info] [#0:script\workspace\loading.lua:98]: Skip loaded file: file:///c%3A/Users/llydr/Desktop/nvim-win64-083/share/nvim/runtime/my-neovim-data/mason/packages/lua-language-server/meta/LuaJIT%20en-us%20utf8/builtin.lua
[21:47:30.078][info] [#0:script\workspace\loading.lua:101]: Preload file at: file:///c%3A/Users/llydr/Desktop/nvim-win64-083/share/nvim/runtime/my-neovim-data/mason/packages/lua-language-server/meta/LuaJIT%20en-us%20utf8/math.lua , size = 8.133 KB
[21:47:30.078][info] [#0:script\workspace\loading.lua:113]: ++++As library of:	file:///c%3A/Users/llydr/Desktop/nvim-win64-083/share/nvim/runtime/my-neovim-data/mason/packages/lua-language-server/meta/LuaJIT%20en-us%20utf8/math.lua
[21:47:30.078][info] [#0:script\workspace\loading.lua:98]: Skip loaded file: file:///c%3A/Users/llydr/Desktop/nvim-win64-083/share/nvim/runtime/my-neovim-data/mason/packages/lua-language-server/meta/LuaJIT%20en-us%20utf8/math.lua
[21:47:30.078][info] [#0:script\workspace\loading.lua:101]: Preload file at: file:///c%3A/Users/llydr/Desktop/nvim-win64-083/share/nvim/runtime/my-neovim-data/mason/packages/lua-language-server/meta/LuaJIT%20en-us%20utf8/os.lua , size = 4.347 KB
[21:47:30.078][info] [#0:script\workspace\loading.lua:113]: ++++As library of:	file:///c%3A/Users/llydr/Desktop/nvim-win64-083/share/nvim/runtime/my-neovim-data/mason/packages/lua-language-server/meta/LuaJIT%20en-us%20utf8/os.lua
[21:47:30.078][info] [#0:script\workspace\loading.lua:98]: Skip loaded file: file:///c%3A/Users/llydr/Desktop/nvim-win64-083/share/nvim/runtime/my-neovim-data/mason/packages/lua-language-server/meta/LuaJIT%20en-us%20utf8/os.lua
[21:47:30.078][info] [#0:script\workspace\loading.lua:101]: Preload file at: file:///c%3A/Users/llydr/Desktop/nvim-win64-083/share/nvim/runtime/my-neovim-data/mason/packages/lua-language-server/meta/LuaJIT%20en-us%20utf8/string/buffer.lua , size = 18.123 KB
[21:47:30.078][info] [#0:script\workspace\loading.lua:113]: ++++As library of:	file:///c%3A/Users/llydr/Desktop/nvim-win64-083/share/nvim/runtime/my-neovim-data/mason/packages/lua-language-server/meta/LuaJIT%20en-us%20utf8/string/buffer.lua
[21:47:30.078][info] [#0:script\workspace\loading.lua:98]: Skip loaded file: file:///c%3A/Users/llydr/Desktop/nvim-win64-083/share/nvim/runtime/my-neovim-data/mason/packages/lua-language-server/meta/LuaJIT%20en-us%20utf8/string/buffer.lua
[21:47:30.078][info] [#0:script\workspace\loading.lua:101]: Preload file at: file:///c%3A/Users/llydr/Desktop/nvim-win64-083/share/nvim/runtime/my-neovim-data/mason/packages/lua-language-server/meta/LuaJIT%20en-us%20utf8/io.lua , size = 6.364 KB
[21:47:30.093][info] [#0:script\workspace\loading.lua:113]: ++++As library of:	file:///c%3A/Users/llydr/Desktop/nvim-win64-083/share/nvim/runtime/my-neovim-data/mason/packages/lua-language-server/meta/LuaJIT%20en-us%20utf8/io.lua
[21:47:30.093][info] [#0:script\workspace\loading.lua:98]: Skip loaded file: file:///c%3A/Users/llydr/Desktop/nvim-win64-083/share/nvim/runtime/my-neovim-data/mason/packages/lua-language-server/meta/LuaJIT%20en-us%20utf8/io.lua
[21:47:30.093][info] [#0:script\workspace\loading.lua:101]: Preload file at: file:///c%3A/Users/llydr/Desktop/nvim-win64-083/share/nvim/runtime/my-neovim-data/mason/packages/lua-language-server/meta/LuaJIT%20en-us%20utf8/debug.lua , size = 7.310 KB
[21:47:30.093][info] [#0:script\workspace\loading.lua:113]: ++++As library of:	file:///c%3A/Users/llydr/Desktop/nvim-win64-083/share/nvim/runtime/my-neovim-data/mason/packages/lua-language-server/meta/LuaJIT%20en-us%20utf8/debug.lua
[21:47:30.093][info] [#0:script\workspace\loading.lua:101]: Preload file at: file:///c%3A/Users/llydr/Desktop/nvim-win64-083/share/nvim/runtime/my-neovim-data/mason/packages/lua-language-server/meta/LuaJIT%20en-us%20utf8/string.lua , size = 6.284 KB
[21:47:30.093][info] [#0:script\workspace\loading.lua:113]: ++++As library of:	file:///c%3A/Users/llydr/Desktop/nvim-win64-083/share/nvim/runtime/my-neovim-data/mason/packages/lua-language-server/meta/LuaJIT%20en-us%20utf8/string.lua
[21:47:30.093][info] [#0:script\workspace\loading.lua:98]: Skip loaded file: file:///c%3A/Users/llydr/Desktop/nvim-win64-083/share/nvim/runtime/my-neovim-data/mason/packages/lua-language-server/meta/LuaJIT%20en-us%20utf8/debug.lua
[21:47:30.093][info] [#0:script\workspace\loading.lua:98]: Skip loaded file: file:///c%3A/Users/llydr/Desktop/nvim-win64-083/share/nvim/runtime/my-neovim-data/mason/packages/lua-language-server/meta/LuaJIT%20en-us%20utf8/string.lua
[21:47:30.093][info] [#0:script\workspace\loading.lua:101]: Preload file at: file:///c%3A/Users/llydr/Desktop/nvim-win64-083/share/nvim/runtime/my-neovim-data/mason/packages/lua-language-server/meta/LuaJIT%20en-us%20utf8/bit.lua , size = 1.320 KB
[21:47:30.093][info] [#0:script\workspace\loading.lua:113]: ++++As library of:	file:///c%3A/Users/llydr/Desktop/nvim-win64-083/share/nvim/runtime/my-neovim-data/mason/packages/lua-language-server/meta/LuaJIT%20en-us%20utf8/bit.lua
[21:47:30.093][info] [#0:script\workspace\loading.lua:98]: Skip loaded file: file:///c%3A/Users/llydr/Desktop/nvim-win64-083/share/nvim/runtime/my-neovim-data/mason/packages/lua-language-server/meta/LuaJIT%20en-us%20utf8/bit.lua
[21:47:30.093][info] [#0:script\workspace\loading.lua:101]: Preload file at: file:///c%3A/Users/llydr/Desktop/nvim-win64-083/share/nvim/runtime/my-neovim-data/mason/packages/lua-language-server/meta/LuaJIT%20en-us%20utf8/coroutine.lua , size = 2.524 KB
[21:47:30.093][info] [#0:script\workspace\loading.lua:113]: ++++As library of:	file:///c%3A/Users/llydr/Desktop/nvim-win64-083/share/nvim/runtime/my-neovim-data/mason/packages/lua-language-server/meta/LuaJIT%20en-us%20utf8/coroutine.lua
[21:47:30.093][info] [#0:script\workspace\loading.lua:98]: Skip loaded file: file:///c%3A/Users/llydr/Desktop/nvim-win64-083/share/nvim/runtime/my-neovim-data/mason/packages/lua-language-server/meta/LuaJIT%20en-us%20utf8/coroutine.lua
[21:47:30.093][info] [#0:script\workspace\loading.lua:101]: Preload file at: file:///c%3A/Users/llydr/Desktop/nvim-win64-083/share/nvim/runtime/my-neovim-data/mason/packages/lua-language-server/meta/LuaJIT%20en-us%20utf8/table/clear.lua , size = 0.797 KB
[21:47:30.093][info] [#0:script\workspace\loading.lua:113]: ++++As library of:	file:///c%3A/Users/llydr/Desktop/nvim-win64-083/share/nvim/runtime/my-neovim-data/mason/packages/lua-language-server/meta/LuaJIT%20en-us%20utf8/table/clear.lua
[21:47:30.093][info] [#0:script\workspace\loading.lua:98]: Skip loaded file: file:///c%3A/Users/llydr/Desktop/nvim-win64-083/share/nvim/runtime/my-neovim-data/mason/packages/lua-language-server/meta/LuaJIT%20en-us%20utf8/table/clear.lua
[21:47:30.093][info] [#0:script\workspace\loading.lua:101]: Preload file at: file:///c%3A/Users/llydr/Desktop/nvim-win64-083/share/nvim/runtime/my-neovim-data/mason/packages/lua-language-server/meta/LuaJIT%20en-us%20utf8/table.lua , size = 4.230 KB
[21:47:30.093][info] [#0:script\workspace\loading.lua:113]: ++++As library of:	file:///c%3A/Users/llydr/Desktop/nvim-win64-083/share/nvim/runtime/my-neovim-data/mason/packages/lua-language-server/meta/LuaJIT%20en-us%20utf8/table.lua
[21:47:30.093][info] [#0:script\workspace\loading.lua:98]: Skip loaded file: file:///c%3A/Users/llydr/Desktop/nvim-win64-083/share/nvim/runtime/my-neovim-data/mason/packages/lua-language-server/meta/LuaJIT%20en-us%20utf8/table.lua
[21:47:30.093][info] [#0:script\workspace\loading.lua:101]: Preload file at: file:///c%3A/Users/llydr/Desktop/nvim-win64-083/share/nvim/runtime/my-neovim-data/mason/packages/lua-language-server/meta/LuaJIT%20en-us%20utf8/table/new.lua , size = 0.642 KB
[21:47:30.093][info] [#0:script\workspace\loading.lua:113]: ++++As library of:	file:///c%3A/Users/llydr/Desktop/nvim-win64-083/share/nvim/runtime/my-neovim-data/mason/packages/lua-language-server/meta/LuaJIT%20en-us%20utf8/table/new.lua
[21:47:30.093][info] [#0:script\workspace\loading.lua:98]: Skip loaded file: file:///c%3A/Users/llydr/Desktop/nvim-win64-083/share/nvim/runtime/my-neovim-data/mason/packages/lua-language-server/meta/LuaJIT%20en-us%20utf8/table/new.lua
[21:47:30.093][info] [#0:script\workspace\loading.lua:101]: Preload file at: file:///c%3A/Users/llydr/Desktop/nvim-win64-083/share/nvim/runtime/pack/packer/start/nightfox.nvim/.github/minimal_init.lua , size = 0.858 KB
[21:47:30.093][info] [#0:script\workspace\loading.lua:101]: Preload file at: file:///c%3A/Users/llydr/Desktop/nvim-win64-083/share/nvim/runtime/pack/packer/start/nightfox.nvim/lua/lualine/themes/carbonfox.lua , size = 0.053 KB
[21:47:30.093][info] [#0:script\workspace\loading.lua:101]: Preload file at: file:///c%3A/Users/llydr/Desktop/nvim-win64-083/share/nvim/runtime/pack/packer/start/nightfox.nvim/lua/lualine/themes/dawnfox.lua , size = 0.051 KB
[21:47:30.093][info] [#0:script\workspace\loading.lua:101]: Preload file at: file:///c%3A/Users/llydr/Desktop/nvim-win64-083/share/nvim/runtime/pack/packer/start/nightfox.nvim/lua/lualine/themes/dayfox.lua , size = 0.050 KB
[21:47:30.093][info] [#0:script\workspace\loading.lua:101]: Preload file at: file:///c%3A/Users/llydr/Desktop/nvim-win64-083/share/nvim/runtime/pack/packer/start/nightfox.nvim/lua/lualine/themes/duskfox.lua , size = 0.051 KB
[21:47:30.093][info] [#0:script\workspace\loading.lua:101]: Preload file at: file:///c%3A/Users/llydr/Desktop/nvim-win64-083/share/nvim/runtime/pack/packer/start/nightfox.nvim/lua/lualine/themes/nightfox.lua , size = 0.052 KB
[21:47:30.093][info] [#0:script\workspace\loading.lua:101]: Preload file at: file:///c%3A/Users/llydr/Desktop/nvim-win64-083/share/nvim/runtime/pack/packer/start/nightfox.nvim/lua/lualine/themes/nordfox.lua , size = 0.051 KB
[21:47:30.093][info] [#0:script\workspace\loading.lua:101]: Preload file at: file:///c%3A/Users/llydr/Desktop/nvim-win64-083/share/nvim/runtime/pack/packer/start/nightfox.nvim/lua/lualine/themes/terafox.lua , size = 0.051 KB
[21:47:30.093][info] [#0:script\workspace\loading.lua:101]: Preload file at: file:///c%3A/Users/llydr/Desktop/nvim-win64-083/share/nvim/runtime/pack/packer/start/nightfox.nvim/lua/nightfox/extra/alacritty.lua , size = 1.646 KB
[21:47:30.093][info] [#0:script\workspace\loading.lua:101]: Preload file at: file:///c%3A/Users/llydr/Desktop/nvim-win64-083/share/nvim/runtime/pack/packer/start/nightfox.nvim/lua/nightfox/config.lua , size = 2.608 KB
[21:47:30.093][info] [#0:script\workspace\loading.lua:101]: Preload file at: file:///c%3A/Users/llydr/Desktop/nvim-win64-083/share/nvim/runtime/pack/packer/start/nightfox.nvim/lua/nightfox/extra/fish.lua , size = 1.964 KB
[21:47:30.093][info] [#0:script\workspace\loading.lua:101]: Preload file at: file:///c%3A/Users/llydr/Desktop/nvim-win64-083/share/nvim/runtime/pack/packer/start/nightfox.nvim/lua/nightfox/extra/kitty.lua , size = 1.316 KB
[21:47:30.093][info] [#0:script\workspace\loading.lua:101]: Preload file at: file:///c%3A/Users/llydr/Desktop/nvim-win64-083/share/nvim/runtime/pack/packer/start/nightfox.nvim/lua/nightfox/extra/iterm.lua , size = 8.086 KB
[21:47:30.109][info] [#0:script\workspace\loading.lua:101]: Preload file at: file:///c%3A/Users/llydr/Desktop/nvim-win64-083/share/nvim/runtime/pack/packer/start/nightfox.nvim/lua/nightfox/extra/konsole.lua , size = 2.190 KB
[21:47:30.109][info] [#0:script\workspace\loading.lua:101]: Preload file at: file:///c%3A/Users/llydr/Desktop/nvim-win64-083/share/nvim/runtime/pack/packer/start/nightfox.nvim/lua/nightfox/extra/nushell.lua , size = 1.594 KB
[21:47:30.109][info] [#0:script\workspace\loading.lua:101]: Preload file at: file:///c%3A/Users/llydr/Desktop/nvim-win64-083/share/nvim/runtime/pack/packer/start/nightfox.nvim/lua/nightfox/extra/tmux.lua , size = 1.799 KB
[21:47:30.109][info] [#0:script\workspace\loading.lua:101]: Preload file at: file:///c%3A/Users/llydr/Desktop/nvim-win64-083/share/nvim/runtime/pack/packer/start/nightfox.nvim/lua/nightfox/extra/warp.lua , size = 1.358 KB
[21:47:30.109][info] [#0:script\workspace\loading.lua:101]: Preload file at: file:///c%3A/Users/llydr/Desktop/nvim-win64-083/share/nvim/runtime/pack/packer/start/nightfox.nvim/lua/nightfox/extra/wezterm.lua , size = 1.914 KB
[21:47:30.109][info] [#0:script\workspace\loading.lua:101]: Preload file at: file:///c%3A/Users/llydr/Desktop/nvim-win64-083/share/nvim/runtime/pack/packer/start/nightfox.nvim/lua/nightfox/extra/windows_terminal.lua , size = 1.001 KB
[21:47:30.109][info] [#0:script\workspace\loading.lua:101]: Preload file at: file:///c%3A/Users/llydr/Desktop/nvim-win64-083/share/nvim/runtime/pack/packer/start/nightfox.nvim/lua/nightfox/extra/xresources.lua , size = 0.817 KB
[21:47:30.109][info] [#0:script\workspace\loading.lua:101]: Preload file at: file:///c%3A/Users/llydr/Desktop/nvim-win64-083/share/nvim/runtime/pack/packer/start/nightfox.nvim/lua/nightfox/extra/zellij.lua , size = 0.883 KB
[21:47:30.109][info] [#0:script\workspace\loading.lua:101]: Preload file at: file:///c%3A/Users/llydr/Desktop/nvim-win64-083/share/nvim/runtime/pack/packer/start/nightfox.nvim/lua/nightfox/group/modules/aerial.lua , size = 0.226 KB
[21:47:30.109][info] [#0:script\workspace\loading.lua:101]: Preload file at: file:///c%3A/Users/llydr/Desktop/nvim-win64-083/share/nvim/runtime/pack/packer/start/nightfox.nvim/lua/nightfox/group/editor.lua , size = 7.618 KB
[21:47:30.109][info] [#0:script\workspace\loading.lua:101]: Preload file at: file:///c%3A/Users/llydr/Desktop/nvim-win64-083/share/nvim/runtime/pack/packer/start/nightfox.nvim/lua/nightfox/group/modules/alpha.lua , size = 0.408 KB
[21:47:30.109][info] [#0:script\workspace\loading.lua:101]: Preload file at: file:///c%3A/Users/llydr/Desktop/nvim-win64-083/share/nvim/runtime/pack/packer/start/nightfox.nvim/lua/nightfox/group/modules/barbar.lua , size = 1.261 KB
[21:47:30.109][info] [#0:script\workspace\loading.lua:101]: Preload file at: file:///c%3A/Users/llydr/Desktop/nvim-win64-083/share/nvim/runtime/pack/packer/start/nightfox.nvim/lua/nightfox/group/modules/cmp.lua , size = 1.994 KB
[21:47:30.109][info] [#0:script\workspace\loading.lua:101]: Preload file at: file:///c%3A/Users/llydr/Desktop/nvim-win64-083/share/nvim/runtime/pack/packer/start/nightfox.nvim/lua/nightfox/group/modules/coc.lua , size = 0.239 KB
[21:47:30.109][info] [#0:script\workspace\loading.lua:101]: Preload file at: file:///c%3A/Users/llydr/Desktop/nvim-win64-083/share/nvim/runtime/pack/packer/start/nightfox.nvim/lua/nightfox/group/modules/dap_ui.lua , size = 1.345 KB
[21:47:30.109][info] [#0:script\workspace\loading.lua:101]: Preload file at: file:///c%3A/Users/llydr/Desktop/nvim-win64-083/share/nvim/runtime/pack/packer/start/nightfox.nvim/lua/nightfox/group/modules/dashboard.lua , size = 0.358 KB
[21:47:30.109][info] [#0:script\workspace\loading.lua:101]: Preload file at: file:///c%3A/Users/llydr/Desktop/nvim-win64-083/share/nvim/runtime/pack/packer/start/nightfox.nvim/lua/nightfox/group/modules/diagnostic.lua , size = 1.269 KB
[21:47:30.109][info] [#0:script\workspace\loading.lua:101]: Preload file at: file:///c%3A/Users/llydr/Desktop/nvim-win64-083/share/nvim/runtime/pack/packer/start/nightfox.nvim/lua/nightfox/group/modules/fern.lua , size = 0.203 KB
[21:47:30.109][info] [#0:script\workspace\loading.lua:101]: Preload file at: file:///c%3A/Users/llydr/Desktop/nvim-win64-083/share/nvim/runtime/pack/packer/start/nightfox.nvim/lua/nightfox/group/modules/fidget.lua , size = 0.223 KB
[21:47:30.109][info] [#0:script\workspace\loading.lua:101]: Preload file at: file:///c%3A/Users/llydr/Desktop/nvim-win64-083/share/nvim/runtime/pack/packer/start/nightfox.nvim/lua/nightfox/group/modules/gitgutter.lua , size = 0.414 KB
[21:47:30.109][info] [#0:script\workspace\loading.lua:101]: Preload file at: file:///c%3A/Users/llydr/Desktop/nvim-win64-083/share/nvim/runtime/pack/packer/start/nightfox.nvim/lua/nightfox/group/modules/gitsigns.lua , size = 0.412 KB
[21:47:30.109][info] [#0:script\workspace\loading.lua:101]: Preload file at: file:///c%3A/Users/llydr/Desktop/nvim-win64-083/share/nvim/runtime/pack/packer/start/nightfox.nvim/lua/nightfox/group/modules/glyph_palette.lua , size = 0.905 KB
[21:47:30.109][info] [#0:script\workspace\loading.lua:101]: Preload file at: file:///c%3A/Users/llydr/Desktop/nvim-win64-083/share/nvim/runtime/pack/packer/start/nightfox.nvim/lua/nightfox/group/modules/hop.lua , size = 0.380 KB
[21:47:30.109][info] [#0:script\workspace\loading.lua:101]: Preload file at: file:///c%3A/Users/llydr/Desktop/nvim-win64-083/share/nvim/runtime/pack/packer/start/nightfox.nvim/lua/nightfox/group/modules/illuminate.lua , size = 0.323 KB
[21:47:30.109][info] [#0:script\workspace\loading.lua:101]: Preload file at: file:///c%3A/Users/llydr/Desktop/nvim-win64-083/share/nvim/runtime/pack/packer/start/nightfox.nvim/lua/nightfox/group/modules/lightspeed.lua , size = 0.207 KB
[21:47:30.109][info] [#0:script\workspace\loading.lua:101]: Preload file at: file:///c%3A/Users/llydr/Desktop/nvim-win64-083/share/nvim/runtime/pack/packer/start/nightfox.nvim/lua/nightfox/group/modules/leap.lua , size = 0.506 KB
[21:47:30.109][info] [#0:script\workspace\loading.lua:101]: Preload file at: file:///c%3A/Users/llydr/Desktop/nvim-win64-083/share/nvim/runtime/pack/packer/start/nightfox.nvim/lua/nightfox/group/modules/lsp_saga.lua , size = 1.007 KB
[21:47:30.109][info] [#0:script\workspace\loading.lua:101]: Preload file at: file:///c%3A/Users/llydr/Desktop/nvim-win64-083/share/nvim/runtime/pack/packer/start/nightfox.nvim/lua/nightfox/group/modules/lsp_semantic_tokens.lua , size = 1.004 KB
[21:47:30.109][info] [#0:script\workspace\loading.lua:101]: Preload file at: file:///c%3A/Users/llydr/Desktop/nvim-win64-083/share/nvim/runtime/pack/packer/start/nightfox.nvim/lua/nightfox/group/modules/lsp_trouble.lua , size = 0.340 KB
[21:47:30.109][info] [#0:script\workspace\loading.lua:101]: Preload file at: file:///c%3A/Users/llydr/Desktop/nvim-win64-083/share/nvim/runtime/pack/packer/start/nightfox.nvim/lua/nightfox/group/modules/mini.lua , size = 2.671 KB
[21:47:30.109][info] [#0:script\workspace\loading.lua:101]: Preload file at: file:///c%3A/Users/llydr/Desktop/nvim-win64-083/share/nvim/runtime/pack/packer/start/nightfox.nvim/lua/nightfox/group/modules/modes.lua , size = 0.348 KB
[21:47:30.109][info] [#0:script\workspace\loading.lua:101]: Preload file at: file:///c%3A/Users/llydr/Desktop/nvim-win64-083/share/nvim/runtime/pack/packer/start/nightfox.nvim/lua/nightfox/group/modules/navic.lua , size = 1.839 KB
[21:47:30.109][info] [#0:script\workspace\loading.lua:101]: Preload file at: file:///c%3A/Users/llydr/Desktop/nvim-win64-083/share/nvim/runtime/pack/packer/start/nightfox.nvim/lua/nightfox/group/modules/neogit.lua , size = 0.877 KB
[21:47:30.109][info] [#0:script\workspace\loading.lua:101]: Preload file at: file:///c%3A/Users/llydr/Desktop/nvim-win64-083/share/nvim/runtime/pack/packer/start/nightfox.nvim/lua/nightfox/group/modules/native_lsp.lua , size = 0.989 KB
[21:47:30.109][info] [#0:script\workspace\loading.lua:101]: Preload file at: file:///c%3A/Users/llydr/Desktop/nvim-win64-083/share/nvim/runtime/pack/packer/start/nightfox.nvim/lua/nightfox/group/modules/neotest.lua , size = 0.869 KB
[21:47:30.109][info] [#0:script\workspace\loading.lua:101]: Preload file at: file:///c%3A/Users/llydr/Desktop/nvim-win64-083/share/nvim/runtime/pack/packer/start/nightfox.nvim/lua/nightfox/group/modules/neotree.lua , size = 1.241 KB
[21:47:30.109][info] [#0:script\workspace\loading.lua:101]: Preload file at: file:///c%3A/Users/llydr/Desktop/nvim-win64-083/share/nvim/runtime/pack/packer/start/nightfox.nvim/lua/nightfox/group/modules/notify.lua , size = 1.118 KB
[21:47:30.109][info] [#0:script\workspace\loading.lua:101]: Preload file at: file:///c%3A/Users/llydr/Desktop/nvim-win64-083/share/nvim/runtime/pack/packer/start/nightfox.nvim/lua/nightfox/group/modules/nvimtree.lua , size = 1.340 KB
[21:47:30.125][info] [#0:script\workspace\loading.lua:101]: Preload file at: file:///c%3A/Users/llydr/Desktop/nvim-win64-083/share/nvim/runtime/pack/packer/start/nightfox.nvim/lua/nightfox/group/modules/pounce.lua , size = 0.396 KB
[21:47:30.125][info] [#0:script\workspace\loading.lua:101]: Preload file at: file:///c%3A/Users/llydr/Desktop/nvim-win64-083/share/nvim/runtime/pack/packer/start/nightfox.nvim/lua/nightfox/group/modules/signify.lua , size = 0.415 KB
[21:47:30.125][info] [#0:script\workspace\loading.lua:101]: Preload file at: file:///c%3A/Users/llydr/Desktop/nvim-win64-083/share/nvim/runtime/pack/packer/start/nightfox.nvim/lua/nightfox/group/modules/sneak.lua , size = 0.252 KB
[21:47:30.125][info] [#0:script\workspace\loading.lua:101]: Preload file at: file:///c%3A/Users/llydr/Desktop/nvim-win64-083/share/nvim/runtime/pack/packer/start/nightfox.nvim/lua/nightfox/group/modules/symbol_outline.lua , size = 0.250 KB
[21:47:30.125][info] [#0:script\workspace\loading.lua:101]: Preload file at: file:///c%3A/Users/llydr/Desktop/nvim-win64-083/share/nvim/runtime/pack/packer/start/nightfox.nvim/lua/nightfox/group/modules/telescope.lua , size = 0.367 KB
[21:47:30.125][info] [#0:script\workspace\loading.lua:101]: Preload file at: file:///c%3A/Users/llydr/Desktop/nvim-win64-083/share/nvim/runtime/pack/packer/start/nightfox.nvim/lua/nightfox/group/modules/tsrainbow.lua , size = 0.462 KB
[21:47:30.125][info] [#0:script\workspace\loading.lua:101]: Preload file at: file:///c%3A/Users/llydr/Desktop/nvim-win64-083/share/nvim/runtime/pack/packer/start/nightfox.nvim/lua/nightfox/group/modules/tsrainbow2.lua , size = 0.487 KB
[21:47:30.125][info] [#0:script\workspace\loading.lua:101]: Preload file at: file:///c%3A/Users/llydr/Desktop/nvim-win64-083/share/nvim/runtime/pack/packer/start/nightfox.nvim/lua/nightfox/group/modules/treesitter.lua , size = 8.049 KB
[21:47:30.125][info] [#0:script\workspace\loading.lua:101]: Preload file at: file:///c%3A/Users/llydr/Desktop/nvim-win64-083/share/nvim/runtime/pack/packer/start/nightfox.nvim/lua/nightfox/group/modules/whichkey.lua , size = 0.472 KB
[21:47:30.125][info] [#0:script\workspace\loading.lua:101]: Preload file at: file:///c%3A/Users/llydr/Desktop/nvim-win64-083/share/nvim/runtime/pack/packer/start/nightfox.nvim/lua/nightfox/group/terminal.lua , size = 0.723 KB
[21:47:30.125][info] [#0:script\workspace\loading.lua:101]: Preload file at: file:///c%3A/Users/llydr/Desktop/nvim-win64-083/share/nvim/runtime/pack/packer/start/nightfox.nvim/lua/nightfox/group/syntax.lua , size = 4.580 KB
[21:47:30.125][info] [#0:script\workspace\loading.lua:89]: Skip loaded file: file:///c%3A/Users/llydr/Desktop/nvim-win64-083/share/nvim/runtime/pack/packer/start/nightfox.nvim/lua/nightfox/lib/color.lua
[21:47:30.125][info] [#0:script\workspace\loading.lua:101]: Preload file at: file:///c%3A/Users/llydr/Desktop/nvim-win64-083/share/nvim/runtime/pack/packer/start/nightfox.nvim/lua/nightfox/group.lua , size = 1.544 KB
[21:47:30.125][info] [#0:script\workspace\loading.lua:101]: Preload file at: file:///c%3A/Users/llydr/Desktop/nvim-win64-083/share/nvim/runtime/pack/packer/start/nightfox.nvim/lua/nightfox/init.lua , size = 2.236 KB
[21:47:30.125][info] [#0:script\workspace\loading.lua:101]: Preload file at: file:///c%3A/Users/llydr/Desktop/nvim-win64-083/share/nvim/runtime/pack/packer/start/nightfox.nvim/lua/nightfox/interactive.lua , size = 0.851 KB
[21:47:30.125][info] [#0:script\workspace\loading.lua:101]: Preload file at: file:///c%3A/Users/llydr/Desktop/nvim-win64-083/share/nvim/runtime/pack/packer/start/nightfox.nvim/lua/nightfox/lib/collect.lua , size = 1.829 KB
[21:47:30.125][info] [#0:script\workspace\loading.lua:101]: Preload file at: file:///c%3A/Users/llydr/Desktop/nvim-win64-083/share/nvim/runtime/pack/packer/start/nightfox.nvim/lua/nightfox/lib/colorblind.lua , size = 5.968 KB
[21:47:30.125][info] [#0:script\workspace\loading.lua:101]: Preload file at: file:///c%3A/Users/llydr/Desktop/nvim-win64-083/share/nvim/runtime/pack/packer/start/nightfox.nvim/lua/nightfox/lib/compiler.lua , size = 2.605 KB
[21:47:30.125][info] [#0:script\workspace\loading.lua:101]: Preload file at: file:///c%3A/Users/llydr/Desktop/nvim-win64-083/share/nvim/runtime/pack/packer/start/nightfox.nvim/lua/nightfox/lib/deprecation.lua , size = 0.943 KB
[21:47:30.140][info] [#0:script\workspace\loading.lua:101]: Preload file at: file:///c%3A/Users/llydr/Desktop/nvim-win64-083/share/nvim/runtime/pack/packer/start/nightfox.nvim/lua/nightfox/lib/hash.lua , size = 0.673 KB
[21:47:30.140][info] [#0:script\workspace\loading.lua:101]: Preload file at: file:///c%3A/Users/llydr/Desktop/nvim-win64-083/share/nvim/runtime/pack/packer/start/nightfox.nvim/lua/nightfox/lib/highlight.lua , size = 2.067 KB
[21:47:30.140][info] [#0:script\workspace\loading.lua:101]: Preload file at: file:///c%3A/Users/llydr/Desktop/nvim-win64-083/share/nvim/runtime/pack/packer/start/nightfox.nvim/lua/nightfox/lib/log.lua , size = 0.964 KB
[21:47:30.140][info] [#0:script\workspace\loading.lua:101]: Preload file at: file:///c%3A/Users/llydr/Desktop/nvim-win64-083/share/nvim/runtime/pack/packer/start/nightfox.nvim/lua/nightfox/lib/shade.lua , size = 0.988 KB
[21:47:30.140][info] [#0:script\workspace\loading.lua:101]: Preload file at: file:///c%3A/Users/llydr/Desktop/nvim-win64-083/share/nvim/runtime/pack/packer/start/nightfox.nvim/lua/nightfox/lib/vim/compiler.lua , size = 2.375 KB
[21:47:30.140][info] [#0:script\workspace\loading.lua:101]: Preload file at: file:///c%3A/Users/llydr/Desktop/nvim-win64-083/share/nvim/runtime/pack/packer/start/nightfox.nvim/lua/nightfox/lib/vim/init.lua , size = 3.506 KB
[21:47:30.140][info] [#0:script\workspace\loading.lua:101]: Preload file at: file:///c%3A/Users/llydr/Desktop/nvim-win64-083/share/nvim/runtime/pack/packer/start/nightfox.nvim/lua/nightfox/lib/native_bit.lua , size = 2.571 KB
[21:47:30.140][info] [#0:script\workspace\loading.lua:101]: Preload file at: file:///c%3A/Users/llydr/Desktop/nvim-win64-083/share/nvim/runtime/pack/packer/start/nightfox.nvim/lua/nightfox/override.lua , size = 0.937 KB
[21:47:30.140][info] [#0:script\workspace\loading.lua:101]: Preload file at: file:///c%3A/Users/llydr/Desktop/nvim-win64-083/share/nvim/runtime/pack/packer/start/nightfox.nvim/lua/nightfox/palette/carbonfox.lua , size = 4.297 KB
[21:47:30.140][info] [#0:script\workspace\loading.lua:101]: Preload file at: file:///c%3A/Users/llydr/Desktop/nvim-win64-083/share/nvim/runtime/pack/packer/start/nightfox.nvim/lua/nightfox/palette/dayfox.lua , size = 3.982 KB
[21:47:30.140][info] [#0:script\workspace\loading.lua:101]: Preload file at: file:///c%3A/Users/llydr/Desktop/nvim-win64-083/share/nvim/runtime/pack/packer/start/nightfox.nvim/lua/nightfox/palette/dawnfox.lua , size = 4.071 KB
[21:47:30.140][info] [#0:script\workspace\loading.lua:101]: Preload file at: file:///c%3A/Users/llydr/Desktop/nvim-win64-083/share/nvim/runtime/pack/packer/start/nightfox.nvim/lua/nightfox/palette/duskfox.lua , size = 4.059 KB
[21:47:30.156][info] [#0:script\workspace\loading.lua:101]: Preload file at: file:///c%3A/Users/llydr/Desktop/nvim-win64-083/share/nvim/runtime/pack/packer/start/nightfox.nvim/lua/nightfox/palette/nightfox.lua , size = 3.967 KB
[21:47:30.156][info] [#0:script\workspace\loading.lua:101]: Preload file at: file:///c%3A/Users/llydr/Desktop/nvim-win64-083/share/nvim/runtime/pack/packer/start/nightfox.nvim/lua/nightfox/palette/nordfox.lua , size = 4.055 KB
[21:47:30.156][info] [#0:script\workspace\loading.lua:101]: Preload file at: file:///c%3A/Users/llydr/Desktop/nvim-win64-083/share/nvim/runtime/pack/packer/start/nightfox.nvim/lua/nightfox/palette/terafox.lua , size = 4.301 KB
[21:47:30.156][info] [#0:script\workspace\loading.lua:101]: Preload file at: file:///c%3A/Users/llydr/Desktop/nvim-win64-083/share/nvim/runtime/pack/packer/start/nightfox.nvim/lua/nightfox/palette.lua , size = 3.138 KB
[21:47:30.156][info] [#0:script\workspace\loading.lua:101]: Preload file at: file:///c%3A/Users/llydr/Desktop/nvim-win64-083/share/nvim/runtime/pack/packer/start/nightfox.nvim/lua/nightfox/spec.lua , size = 2.534 KB
[21:47:30.156][info] [#0:script\workspace\loading.lua:101]: Preload file at: file:///c%3A/Users/llydr/Desktop/nvim-win64-083/share/nvim/runtime/pack/packer/start/nightfox.nvim/lua/nightfox/util/deprecation.lua , size = 1.878 KB
[21:47:30.156][info] [#0:script\workspace\loading.lua:101]: Preload file at: file:///c%3A/Users/llydr/Desktop/nvim-win64-083/share/nvim/runtime/pack/packer/start/nightfox.nvim/lua/nightfox/util/init.lua , size = 1.557 KB
[21:47:30.156][info] [#0:script\workspace\loading.lua:101]: Preload file at: file:///c%3A/Users/llydr/Desktop/nvim-win64-083/share/nvim/runtime/pack/packer/start/nightfox.nvim/lua/nightfox/util/lightline.lua , size = 2.205 KB
[21:47:30.156][info] [#0:script\workspace\loading.lua:101]: Preload file at: file:///c%3A/Users/llydr/Desktop/nvim-win64-083/share/nvim/runtime/pack/packer/start/nightfox.nvim/lua/nightfox/util/lualine.lua , size = 1.455 KB
[21:47:30.156][info] [#0:script\workspace\loading.lua:101]: Preload file at: file:///c%3A/Users/llydr/Desktop/nvim-win64-083/share/nvim/runtime/pack/packer/start/nightfox.nvim/lua/nightfox/util/reload.lua , size = 0.349 KB
[21:47:30.156][info] [#0:script\workspace\loading.lua:101]: Preload file at: file:///c%3A/Users/llydr/Desktop/nvim-win64-083/share/nvim/runtime/pack/packer/start/nightfox.nvim/lua/nightfox/util/template.lua , size = 1.579 KB
[21:47:30.156][info] [#0:script\workspace\loading.lua:101]: Preload file at: file:///c%3A/Users/llydr/Desktop/nvim-win64-083/share/nvim/runtime/pack/packer/start/nightfox.nvim/misc/extra.lua , size = 1.592 KB
[21:47:30.265][info] [#0:script\workspace\loading.lua:173]: Loaded files takes [0.203] sec: <fallback>
[21:47:30.265][info] [#0:script\workspace\loading.lua:182]: Compile files takes [0.000] sec: <fallback>
[21:47:30.265][info] [#0:script\workspace\loading.lua:183]: Loaded finish:	<fallback>
[21:47:30.265][info] [#0:script\workspace\workspace.lua:379]: Preload finish at:	<fallback>
[21:47:30.281][info] [#0:script\workspace\loading.lua:101]: Preload file at: file:///c%3A/Users/llydr/Desktop/nvim-win64-083/share/nvim/runtime/pack/packer/start/nightfox.nvim/misc/tabby.lua , size = 6.357 KB
[21:47:30.281][info] [#0:script\workspace\loading.lua:101]: Preload file at: file:///c%3A/Users/llydr/Desktop/nvim-win64-083/share/nvim/runtime/pack/packer/start/nightfox.nvim/misc/feline.lua , size = 12.740 KB
[21:47:30.281][info] [#0:script\workspace\loading.lua:101]: Preload file at: file:///c%3A/Users/llydr/Desktop/nvim-win64-083/share/nvim/runtime/pack/packer/start/nightfox.nvim/test/init.lua , size = 0.815 KB
[21:47:30.281][info] [#0:script\workspace\loading.lua:101]: Preload file at: file:///c%3A/Users/llydr/Desktop/nvim-win64-083/share/nvim/runtime/pack/packer/start/nightfox.nvim/test/nightfox/color_spec.lua , size = 4.616 KB
[21:47:30.297][info] [#0:script\workspace\loading.lua:101]: Preload file at: file:///c%3A/Users/llydr/Desktop/nvim-win64-083/share/nvim/runtime/pack/packer/start/nightfox.nvim/test/nightfox/hash_spec.lua , size = 0.912 KB
[21:47:30.297][info] [#0:script\workspace\loading.lua:101]: Preload file at: file:///c%3A/Users/llydr/Desktop/nvim-win64-083/share/nvim/runtime/pack/packer/start/nightfox.nvim/test/nightfox/shade_spec.lua , size = 0.788 KB
[21:47:30.406][info] [#0:script\workspace\loading.lua:173]: Loaded files takes [0.344] sec: file:///c%3A/Users/llydr/Desktop/nvim-win64-083/share/nvim/runtime/pack/packer/start/nightfox.nvim
[21:47:30.406][info] [#0:script\workspace\loading.lua:182]: Compile files takes [0.000] sec: file:///c%3A/Users/llydr/Desktop/nvim-win64-083/share/nvim/runtime/pack/packer/start/nightfox.nvim
[21:47:30.406][info] [#0:script\workspace\loading.lua:183]: Loaded finish:	file:///c%3A/Users/llydr/Desktop/nvim-win64-083/share/nvim/runtime/pack/packer/start/nightfox.nvim
[21:47:30.406][info] [#0:script\workspace\workspace.lua:379]: Preload finish at:	file:///c%3A/Users/llydr/Desktop/nvim-win64-083/share/nvim/runtime/pack/packer/start/nightfox.nvim
[21:47:30.422][warn] [#0:script\proto\proto.lua:178]: Method [textDocument/didOpen] takes [0.631]sec. {
  jsonrpc = "2.0",
  method = "textDocument/didOpen",
  params = {
    textDocument = {
      languageId = "lua",
      text = '"***"',
      uri = "file:///C:/Users/llydr/Desktop/nvim-win64-083/share/nvim/runtime/pack/packer/start/nightfox.nvim/lua/nightfox/lib/color.lua",
      version = 0
    }
  }
}
[21:47:30.422][info] [#0:script\provider\diagnostic.lua:557]: Diagnostics scope [file:///c%3A/Users/llydr/Desktop/nvim-win64-083/share/nvim/runtime/pack/packer/start/nightfox.nvim], files count:[116]
[21:47:30.468][warn] [#0:script\proto\proto.lua:178]: Method [textDocument/semanticTokens/full] takes [0.646]sec. {
  id = 8,
  jsonrpc = "2.0",
  method = "textDocument/semanticTokens/full",
  params = {
    textDocument = {
      uri = "file:///C:/Users/llydr/Desktop/nvim-win64-083/share/nvim/runtime/pack/packer/start/nightfox.nvim/lua/nightfox/lib/color.lua"
    }
  }
}
[21:47:30.781][info] [#0:script\provider\diagnostic.lua:574]: Diagnostics scope [file:///c%3A/Users/llydr/Desktop/nvim-win64-083/share/nvim/runtime/pack/packer/start/nightfox.nvim] finished, takes [0.353] sec.
[21:57:29.640][info] [#0:script\service\service.lua:144]: 
========= Medical Examination Report =========
    --------------- Memory ---------------
        Total: 23.016 MB
        # 00 : 22.679 MB
        # 01 : 0.137 MB
        # 02 : 0.107 MB
        # 03 : 0.046 MB
        # 04 : 0.046 MB
    --------------- Coroutine ---------------
        Total:     117
        Running:   0
        Suspended: 0
        Normal:    0
        Dead:      117
    --------------- Cache ---------------
        Total: 1
        Dead:  0
    ---------------  RPC  ---------------
        Holdon:   0
        Waiting:  0
==============================================
[22:07:29.703][info] [#0:script\service\service.lua:144]: 
========= Medical Examination Report =========
    --------------- Memory ---------------
        Total: 24.153 MB
        # 00 : 23.816 MB
        # 01 : 0.137 MB
        # 02 : 0.107 MB
        # 03 : 0.046 MB
        # 04 : 0.046 MB
    --------------- Coroutine ---------------
        Total:     117
        Running:   0
        Suspended: 0
        Normal:    0
        Dead:      117
    --------------- Cache ---------------
        Total: 1
        Dead:  0
    ---------------  RPC  ---------------
        Holdon:   0
        Waiting:  0
==============================================
[22:07:48.515][info] [#0:script\provider\provider.lua:169]: Server shutdown.
[22:07:48.625][info] [#0:script\provider\provider.lua:162]: Server exited.
