[22:30:28.934][info] [#0:C:/Users/llydr/Desktop/nvim-win64-083/share/nvim/runtime/my-neovim-data/mason/packages/lua-language-server\main.lua:66]: Lua Lsp startup, root: 	C:/Users/llydr/Desktop/nvim-win64-083/share/nvim/runtime/my-neovim-data/mason/packages/lua-language-server
[22:30:28.934][info] [#0:C:/Users/llydr/Desktop/nvim-win64-083/share/nvim/runtime/my-neovim-data/mason/packages/lua-language-server\main.lua:67]: ROOT:	C:/Users/llydr/Desktop/nvim-win64-083/share/nvim/runtime/my-neovim-data/mason/packages/lua-language-server
[22:30:28.934][info] [#0:C:/Users/llydr/Desktop/nvim-win64-083/share/nvim/runtime/my-neovim-data/mason/packages/lua-language-server\main.lua:68]: LOGPATH:	C:/Users/llydr/Desktop/nvim-win64-083/share/nvim/runtime/my-neovim-data/mason/packages/lua-language-server/log
[22:30:28.934][info] [#0:C:/Users/llydr/Desktop/nvim-win64-083/share/nvim/runtime/my-neovim-data/mason/packages/lua-language-server\main.lua:69]: METAPATH:	C:/Users/llydr/Desktop/nvim-win64-083/share/nvim/runtime/my-neovim-data/mason/packages/lua-language-server/meta
[22:30:28.934][info] [#0:C:/Users/llydr/Desktop/nvim-win64-083/share/nvim/runtime/my-neovim-data/mason/packages/lua-language-server\main.lua:70]: VERSION:	3.6.18
[22:30:28.950][info] [#0:script\service\service.lua:144]: 
========= Medical Examination Report =========
    --------------- Memory ---------------
        Total: 2.115 MB
        # 00 : 2.115 MB
        # 01 : 0.000 MB
        # 02 : 0.000 MB
        # 03 : 0.000 MB
        # 04 : 0.000 MB
    --------------- Coroutine ---------------
        Total:     0
        Running:   0
        Suspended: 0
        Normal:    0
        Dead:      0
    --------------- Cache ---------------
        Total: 1
        Dead:  0
    ---------------  RPC  ---------------
        Holdon:   0
        Waiting:  0
==============================================
[22:30:28.950][info] [#0:script\client.lua:657]: Client init	{
  capabilities = {
    textDocument = {
      callHierarchy = {
        dynamicRegistration = false
      },
      codeAction = {
        codeActionLiteralSupport = {
          codeActionKind = {
            valueSet = { "", "quickfix", "refactor", "refactor.extract", "refactor.inline", "refactor.rewrite", "source", "source.organizeImports" }
          }
        },
        dataSupport = true,
        dynamicRegistration = false,
        isPreferredSupport = true,
        resolveSupport = {
          properties = { "edit" }
        }
      },
      completion = {
        completionItem = {
          commitCharactersSupport = true,
          deprecatedSupport = true,
          documentationFormat = { "markdown", "plaintext" },
          insertReplaceSupport = true,
          insertTextModeSupport = {
            valueSet = { 1, 2 }
          },
          labelDetailsSupport = true,
          preselectSupport = true,
          resolveSupport = {
            properties = { "documentation", "detail", "additionalTextEdits" }
          },
          snippetSupport = true,
          tagSupport = {
            valueSet = { 1 }
          }
        },
        completionItemKind = {
          valueSet = { 1, 2, 3, 4, 5, 6, 7, 8, 9, 10, 11, 12, 13, 14, 15, 16, 17, 18, 19, 20, 21, 22, 23, 24, 25 }
        },
        completionList = {
          itemDefaults = { "commitCharacters", "editRange", "insertTextFormat", "insertTextMode", "data" }
        },
        contextSupport = true,
        dynamicRegistration = false,
        insertTextMode = 1
      },
      declaration = {
        linkSupport = true
      },
      definition = {
        linkSupport = true
      },
      documentHighlight = {
        dynamicRegistration = false
      },
      documentSymbol = {
        dynamicRegistration = false,
        hierarchicalDocumentSymbolSupport = true,
        symbolKind = {
          valueSet = { 1, 2, 3, 4, 5, 6, 7, 8, 9, 10, 11, 12, 13, 14, 15, 16, 17, 18, 19, 20, 21, 22, 23, 24, 25, 26 }
        }
      },
      hover = {
        contentFormat = { "markdown", "plaintext" },
        dynamicRegistration = false
      },
      implementation = {
        linkSupport = true
      },
      publishDiagnostics = {
        relatedInformation = true,
        tagSupport = {
          valueSet = { 1, 2 }
        }
      },
      references = {
        dynamicRegistration = false
      },
      rename = {
        dynamicRegistration = false,
        prepareSupport = true
      },
      semanticTokens = {
        augmentsSyntaxTokens = true,
        dynamicRegistration = false,
        formats = { "relative" },
        multilineTokenSupport = false,
        overlappingTokenSupport = true,
        requests = {
          full = {
            delta = true
          },
          range = false
        },
        serverCancelSupport = false,
        tokenModifiers = { "declaration", "definition", "readonly", "static", "deprecated", "abstract", "async", "modification", "documentation", "defaultLibrary" },
        tokenTypes = { "namespace", "type", "class", "enum", "interface", "struct", "typeParameter", "parameter", "variable", "property", "enumMember", "event", "function", "method", "macro", "keyword", "modifier", "comment", "string", "number", "regexp", "operator", "decorator" }
      },
      signatureHelp = {
        dynamicRegistration = false,
        signatureInformation = {
          activeParameterSupport = true,
          documentationFormat = { "markdown", "plaintext" },
          parameterInformation = {
            labelOffsetSupport = true
          }
        }
      },
      synchronization = {
        didSave = true,
        dynamicRegistration = false,
        willSave = true,
        willSaveWaitUntil = true
      },
      typeDefinition = {
        linkSupport = true
      }
    },
    window = {
      showDocument = {
        support = true
      },
      showMessage = {
        messageActionItem = {
          additionalPropertiesSupport = false
        }
      },
      workDoneProgress = true
    },
    workspace = {
      applyEdit = true,
      configuration = true,
      didChangeWatchedFiles = {
        dynamicRegistration = false,
        relativePatternSupport = true
      },
      semanticTokens = {
        refreshSupport = true
      },
      symbol = {
        dynamicRegistration = false,
        hierarchicalWorkspaceSymbolSupport = true,
        symbolKind = {
          valueSet = { 1, 2, 3, 4, 5, 6, 7, 8, 9, 10, 11, 12, 13, 14, 15, 16, 17, 18, 19, 20, 21, 22, 23, 24, 25, 26 }
        }
      },
      workspaceEdit = {
        resourceOperations = { "rename", "create", "delete" }
      },
      workspaceFolders = true
    }
  },
  clientInfo = {
    name = "Neovim",
    version = "0.9.0"
  },
  initializationOptions = {},
  processId = 11760,
  trace = "off"
}
[22:30:28.950][info] [#0:script\language.lua:137]: VSC language: nil
[22:30:28.950][info] [#0:script\language.lua:138]: LS  language: en-us
[22:30:29.075][info] [#0:script\provider\provider.lua:61]: Load config from client	fallback
[22:30:29.075][info] [#0:script\provider\provider.lua:62]: {
  Lua = {
    diagnostics = {
      globals = { "vim" }
    },
    runtime = {
      version = "LuaJIT"
    },
    telemetry = {
      enable = false
    },
    workspace = {
      checkThirdParty = false,
      library = {}
    }
  }
}
[22:30:29.075][info] [#0:script\library.lua:212]: Init builtin library at:	nil
[22:30:29.090][info] [#0:script\provider\provider.lua:61]: Load config from client	fallback
[22:30:29.090][info] [#0:script\provider\provider.lua:62]: {
  Lua = {
    diagnostics = {
      globals = { "vim" }
    },
    runtime = {
      version = "LuaJIT"
    },
    telemetry = {
      enable = false
    },
    workspace = {
      checkThirdParty = false,
      library = {}
    }
  }
}
[22:30:29.090][info] [#0:script\provider\provider.lua:61]: Load config from client	fallback
[22:30:29.090][info] [#0:script\provider\provider.lua:62]: {
  Lua = {
    diagnostics = {
      globals = { "vim" }
    },
    runtime = {
      version = "LuaJIT"
    },
    telemetry = {
      enable = false
    },
    workspace = {
      checkThirdParty = false,
      library = {}
    }
  }
}
[22:30:29.200][info] [#0:script\workspace\workspace.lua:322]: Preload start:	<fallback>
[22:30:29.200][info] [#0:script\workspace\workspace.lua:351]: Scan library at:	file:///c%3A/Users/llydr/Desktop/nvim-win64-083/share/nvim/runtime/my-neovim-data/mason/packages/lua-language-server/meta/LuaJIT%20en-us%20utf8/table/new.lua
[22:30:29.200][info] [#0:script\workspace\workspace.lua:351]: Scan library at:	file:///c%3A/Users/llydr/Desktop/nvim-win64-083/share/nvim/runtime/my-neovim-data/mason/packages/lua-language-server/meta/LuaJIT%20en-us%20utf8/table.lua
[22:30:29.200][info] [#0:script\workspace\workspace.lua:351]: Scan library at:	file:///c%3A/Users/llydr/Desktop/nvim-win64-083/share/nvim/runtime/my-neovim-data/mason/packages/lua-language-server/meta/LuaJIT%20en-us%20utf8/table/clear.lua
[22:30:29.200][info] [#0:script\workspace\workspace.lua:351]: Scan library at:	file:///c%3A/Users/llydr/Desktop/nvim-win64-083/share/nvim/runtime/my-neovim-data/mason/packages/lua-language-server/meta/LuaJIT%20en-us%20utf8/coroutine.lua
[22:30:29.200][info] [#0:script\workspace\workspace.lua:351]: Scan library at:	file:///c%3A/Users/llydr/Desktop/nvim-win64-083/share/nvim/runtime/my-neovim-data/mason/packages/lua-language-server/meta/LuaJIT%20en-us%20utf8/bit.lua
[22:30:29.200][info] [#0:script\workspace\workspace.lua:351]: Scan library at:	file:///c%3A/Users/llydr/Desktop/nvim-win64-083/share/nvim/runtime/my-neovim-data/mason/packages/lua-language-server/meta/LuaJIT%20en-us%20utf8/string.lua
[22:30:29.200][info] [#0:script\workspace\workspace.lua:351]: Scan library at:	file:///c%3A/Users/llydr/Desktop/nvim-win64-083/share/nvim/runtime/my-neovim-data/mason/packages/lua-language-server/meta/LuaJIT%20en-us%20utf8/debug.lua
[22:30:29.200][info] [#0:script\workspace\workspace.lua:351]: Scan library at:	file:///c%3A/Users/llydr/Desktop/nvim-win64-083/share/nvim/runtime/my-neovim-data/mason/packages/lua-language-server/meta/LuaJIT%20en-us%20utf8/io.lua
[22:30:29.200][info] [#0:script\workspace\workspace.lua:351]: Scan library at:	file:///c%3A/Users/llydr/Desktop/nvim-win64-083/share/nvim/runtime/my-neovim-data/mason/packages/lua-language-server/meta/LuaJIT%20en-us%20utf8/string/buffer.lua
[22:30:29.200][info] [#0:script\workspace\workspace.lua:351]: Scan library at:	file:///c%3A/Users/llydr/Desktop/nvim-win64-083/share/nvim/runtime/my-neovim-data/mason/packages/lua-language-server/meta/LuaJIT%20en-us%20utf8/os.lua
[22:30:29.200][info] [#0:script\workspace\workspace.lua:351]: Scan library at:	file:///c%3A/Users/llydr/Desktop/nvim-win64-083/share/nvim/runtime/my-neovim-data/mason/packages/lua-language-server/meta/LuaJIT%20en-us%20utf8/math.lua
[22:30:29.200][info] [#0:script\workspace\workspace.lua:351]: Scan library at:	file:///c%3A/Users/llydr/Desktop/nvim-win64-083/share/nvim/runtime/my-neovim-data/mason/packages/lua-language-server/meta/LuaJIT%20en-us%20utf8/builtin.lua
[22:30:29.200][info] [#0:script\workspace\workspace.lua:351]: Scan library at:	file:///c%3A/Users/llydr/Desktop/nvim-win64-083/share/nvim/runtime/my-neovim-data/mason/packages/lua-language-server/meta/LuaJIT%20en-us%20utf8/ffi.lua
[22:30:29.200][info] [#0:script\workspace\workspace.lua:351]: Scan library at:	file:///c%3A/Users/llydr/Desktop/nvim-win64-083/share/nvim/runtime/my-neovim-data/mason/packages/lua-language-server/meta/LuaJIT%20en-us%20utf8/jit.lua
[22:30:29.200][info] [#0:script\workspace\workspace.lua:351]: Scan library at:	file:///c%3A/Users/llydr/Desktop/nvim-win64-083/share/nvim/runtime/my-neovim-data/mason/packages/lua-language-server/meta/LuaJIT%20en-us%20utf8/basic.lua
[22:30:29.200][info] [#0:script\workspace\workspace.lua:351]: Scan library at:	file:///c%3A/Users/llydr/Desktop/nvim-win64-083/share/nvim/runtime/my-neovim-data/mason/packages/lua-language-server/meta/LuaJIT%20en-us%20utf8/package.lua
[22:30:29.309][info] [#0:script\workspace\workspace.lua:377]: Found 16 files at:	<fallback>
[22:30:29.309][info] [#0:script\workspace\loading.lua:161]: Load files from disk:	<fallback>
[22:30:29.309][info] [#0:script\workspace\loading.lua:101]: Preload file at: file:///c%3A/Users/llydr/Desktop/nvim-win64-083/share/nvim/runtime/my-neovim-data/mason/packages/lua-language-server/meta/LuaJIT%20en-us%20utf8/package.lua , size = 2.699 KB
[22:30:29.309][info] [#0:script\workspace\loading.lua:113]: ++++As library of:	file:///c%3A/Users/llydr/Desktop/nvim-win64-083/share/nvim/runtime/my-neovim-data/mason/packages/lua-language-server/meta/LuaJIT%20en-us%20utf8/package.lua
[22:30:29.309][info] [#0:script\workspace\loading.lua:101]: Preload file at: file:///c%3A/Users/llydr/Desktop/nvim-win64-083/share/nvim/runtime/my-neovim-data/mason/packages/lua-language-server/meta/LuaJIT%20en-us%20utf8/jit.lua , size = 0.683 KB
[22:30:29.309][info] [#0:script\workspace\loading.lua:113]: ++++As library of:	file:///c%3A/Users/llydr/Desktop/nvim-win64-083/share/nvim/runtime/my-neovim-data/mason/packages/lua-language-server/meta/LuaJIT%20en-us%20utf8/jit.lua
[22:30:29.309][info] [#0:script\workspace\loading.lua:101]: Preload file at: file:///c%3A/Users/llydr/Desktop/nvim-win64-083/share/nvim/runtime/my-neovim-data/mason/packages/lua-language-server/meta/LuaJIT%20en-us%20utf8/basic.lua , size = 14.135 KB
[22:30:29.325][info] [#0:script\workspace\loading.lua:113]: ++++As library of:	file:///c%3A/Users/llydr/Desktop/nvim-win64-083/share/nvim/runtime/my-neovim-data/mason/packages/lua-language-server/meta/LuaJIT%20en-us%20utf8/basic.lua
[22:30:29.325][info] [#0:script\workspace\loading.lua:101]: Preload file at: file:///c%3A/Users/llydr/Desktop/nvim-win64-083/share/nvim/runtime/my-neovim-data/mason/packages/lua-language-server/meta/LuaJIT%20en-us%20utf8/ffi.lua , size = 2.529 KB
[22:30:29.325][info] [#0:script\workspace\loading.lua:113]: ++++As library of:	file:///c%3A/Users/llydr/Desktop/nvim-win64-083/share/nvim/runtime/my-neovim-data/mason/packages/lua-language-server/meta/LuaJIT%20en-us%20utf8/ffi.lua
[22:30:29.325][info] [#0:script\workspace\loading.lua:101]: Preload file at: file:///c%3A/Users/llydr/Desktop/nvim-win64-083/share/nvim/runtime/my-neovim-data/mason/packages/lua-language-server/meta/LuaJIT%20en-us%20utf8/builtin.lua , size = 0.302 KB
[22:30:29.325][info] [#0:script\workspace\loading.lua:113]: ++++As library of:	file:///c%3A/Users/llydr/Desktop/nvim-win64-083/share/nvim/runtime/my-neovim-data/mason/packages/lua-language-server/meta/LuaJIT%20en-us%20utf8/builtin.lua
[22:30:29.325][info] [#0:script\workspace\loading.lua:101]: Preload file at: file:///c%3A/Users/llydr/Desktop/nvim-win64-083/share/nvim/runtime/my-neovim-data/mason/packages/lua-language-server/meta/LuaJIT%20en-us%20utf8/math.lua , size = 8.133 KB
[22:30:29.325][info] [#0:script\workspace\loading.lua:113]: ++++As library of:	file:///c%3A/Users/llydr/Desktop/nvim-win64-083/share/nvim/runtime/my-neovim-data/mason/packages/lua-language-server/meta/LuaJIT%20en-us%20utf8/math.lua
[22:30:29.325][info] [#0:script\workspace\loading.lua:101]: Preload file at: file:///c%3A/Users/llydr/Desktop/nvim-win64-083/share/nvim/runtime/my-neovim-data/mason/packages/lua-language-server/meta/LuaJIT%20en-us%20utf8/os.lua , size = 4.347 KB
[22:30:29.325][info] [#0:script\workspace\loading.lua:113]: ++++As library of:	file:///c%3A/Users/llydr/Desktop/nvim-win64-083/share/nvim/runtime/my-neovim-data/mason/packages/lua-language-server/meta/LuaJIT%20en-us%20utf8/os.lua
[22:30:29.325][info] [#0:script\workspace\loading.lua:101]: Preload file at: file:///c%3A/Users/llydr/Desktop/nvim-win64-083/share/nvim/runtime/my-neovim-data/mason/packages/lua-language-server/meta/LuaJIT%20en-us%20utf8/io.lua , size = 6.364 KB
[22:30:29.325][info] [#0:script\workspace\loading.lua:113]: ++++As library of:	file:///c%3A/Users/llydr/Desktop/nvim-win64-083/share/nvim/runtime/my-neovim-data/mason/packages/lua-language-server/meta/LuaJIT%20en-us%20utf8/io.lua
[22:30:29.325][info] [#0:script\workspace\loading.lua:101]: Preload file at: file:///c%3A/Users/llydr/Desktop/nvim-win64-083/share/nvim/runtime/my-neovim-data/mason/packages/lua-language-server/meta/LuaJIT%20en-us%20utf8/string/buffer.lua , size = 18.123 KB
[22:30:29.325][info] [#0:script\workspace\loading.lua:113]: ++++As library of:	file:///c%3A/Users/llydr/Desktop/nvim-win64-083/share/nvim/runtime/my-neovim-data/mason/packages/lua-language-server/meta/LuaJIT%20en-us%20utf8/string/buffer.lua
[22:30:29.325][info] [#0:script\workspace\loading.lua:101]: Preload file at: file:///c%3A/Users/llydr/Desktop/nvim-win64-083/share/nvim/runtime/my-neovim-data/mason/packages/lua-language-server/meta/LuaJIT%20en-us%20utf8/debug.lua , size = 7.310 KB
[22:30:29.340][info] [#0:script\workspace\loading.lua:113]: ++++As library of:	file:///c%3A/Users/llydr/Desktop/nvim-win64-083/share/nvim/runtime/my-neovim-data/mason/packages/lua-language-server/meta/LuaJIT%20en-us%20utf8/debug.lua
[22:30:29.340][info] [#0:script\workspace\loading.lua:101]: Preload file at: file:///c%3A/Users/llydr/Desktop/nvim-win64-083/share/nvim/runtime/my-neovim-data/mason/packages/lua-language-server/meta/LuaJIT%20en-us%20utf8/string.lua , size = 6.284 KB
[22:30:29.340][info] [#0:script\workspace\loading.lua:113]: ++++As library of:	file:///c%3A/Users/llydr/Desktop/nvim-win64-083/share/nvim/runtime/my-neovim-data/mason/packages/lua-language-server/meta/LuaJIT%20en-us%20utf8/string.lua
[22:30:29.340][info] [#0:script\workspace\loading.lua:101]: Preload file at: file:///c%3A/Users/llydr/Desktop/nvim-win64-083/share/nvim/runtime/my-neovim-data/mason/packages/lua-language-server/meta/LuaJIT%20en-us%20utf8/bit.lua , size = 1.320 KB
[22:30:29.340][info] [#0:script\workspace\loading.lua:113]: ++++As library of:	file:///c%3A/Users/llydr/Desktop/nvim-win64-083/share/nvim/runtime/my-neovim-data/mason/packages/lua-language-server/meta/LuaJIT%20en-us%20utf8/bit.lua
[22:30:29.450][info] [#0:script\workspace\loading.lua:101]: Preload file at: file:///c%3A/Users/llydr/Desktop/nvim-win64-083/share/nvim/runtime/my-neovim-data/mason/packages/lua-language-server/meta/LuaJIT%20en-us%20utf8/coroutine.lua , size = 2.524 KB
[22:30:29.450][info] [#0:script\workspace\loading.lua:113]: ++++As library of:	file:///c%3A/Users/llydr/Desktop/nvim-win64-083/share/nvim/runtime/my-neovim-data/mason/packages/lua-language-server/meta/LuaJIT%20en-us%20utf8/coroutine.lua
[22:30:29.450][info] [#0:script\workspace\loading.lua:101]: Preload file at: file:///c%3A/Users/llydr/Desktop/nvim-win64-083/share/nvim/runtime/my-neovim-data/mason/packages/lua-language-server/meta/LuaJIT%20en-us%20utf8/table/clear.lua , size = 0.797 KB
[22:30:29.450][info] [#0:script\workspace\loading.lua:113]: ++++As library of:	file:///c%3A/Users/llydr/Desktop/nvim-win64-083/share/nvim/runtime/my-neovim-data/mason/packages/lua-language-server/meta/LuaJIT%20en-us%20utf8/table/clear.lua
[22:30:29.450][info] [#0:script\workspace\loading.lua:101]: Preload file at: file:///c%3A/Users/llydr/Desktop/nvim-win64-083/share/nvim/runtime/my-neovim-data/mason/packages/lua-language-server/meta/LuaJIT%20en-us%20utf8/table.lua , size = 4.230 KB
[22:30:29.465][info] [#0:script\workspace\loading.lua:113]: ++++As library of:	file:///c%3A/Users/llydr/Desktop/nvim-win64-083/share/nvim/runtime/my-neovim-data/mason/packages/lua-language-server/meta/LuaJIT%20en-us%20utf8/table.lua
[22:30:29.465][info] [#0:script\workspace\loading.lua:101]: Preload file at: file:///c%3A/Users/llydr/Desktop/nvim-win64-083/share/nvim/runtime/my-neovim-data/mason/packages/lua-language-server/meta/LuaJIT%20en-us%20utf8/table/new.lua , size = 0.642 KB
[22:30:29.465][info] [#0:script\workspace\loading.lua:113]: ++++As library of:	file:///c%3A/Users/llydr/Desktop/nvim-win64-083/share/nvim/runtime/my-neovim-data/mason/packages/lua-language-server/meta/LuaJIT%20en-us%20utf8/table/new.lua
[22:30:29.575][info] [#0:script\workspace\loading.lua:173]: Loaded files takes [0.265] sec: <fallback>
[22:30:29.575][info] [#0:script\workspace\loading.lua:182]: Compile files takes [0.000] sec: <fallback>
[22:30:29.575][info] [#0:script\workspace\loading.lua:183]: Loaded finish:	<fallback>
[22:30:29.575][info] [#0:script\workspace\workspace.lua:379]: Preload finish at:	<fallback>
[22:30:29.575][warn] [#0:script\proto\proto.lua:178]: Method [textDocument/didOpen] takes [0.507]sec. {
  jsonrpc = "2.0",
  method = "textDocument/didOpen",
  params = {
    textDocument = {
      languageId = "lua",
      text = '"***"',
      uri = "file:///c:/users/llydr/desktop/nvimwin64/share/nvim/runtime/pack/my-packer/opt/init/plugin/macro.lua",
      version = 0
    }
  }
}
[22:30:47.512][info] [#0:script\provider\provider.lua:169]: Server shutdown.
[22:30:47.622][info] [#0:script\provider\provider.lua:162]: Server exited.
